[2025-03-23T19:05:30.919-0500] {local_task_job_runner.py:123} INFO - ::group::Pre task execution logs
[2025-03-23T19:05:30.931-0500] {taskinstance.py:2614} INFO - Dependencies all met for dep_context=non-requeueable deps ti=<TaskInstance: proceso_etl.tarea_limpieza manual__2025-03-23T20:01:50-04:00 [queued]>
[2025-03-23T19:05:30.940-0500] {taskinstance.py:2614} INFO - Dependencies all met for dep_context=requeueable deps ti=<TaskInstance: proceso_etl.tarea_limpieza manual__2025-03-23T20:01:50-04:00 [queued]>
[2025-03-23T19:05:30.941-0500] {taskinstance.py:2867} INFO - Starting attempt 1 of 2
[2025-03-23T19:05:30.964-0500] {taskinstance.py:2890} INFO - Executing <Task(PythonOperator): tarea_limpieza> on 2025-03-24 00:01:50+00:00
[2025-03-23T19:05:30.971-0500] {standard_task_runner.py:72} INFO - Started process 47809 to run task
[2025-03-23T19:05:30.973-0500] {standard_task_runner.py:104} INFO - Running: ['airflow', 'tasks', 'run', 'proceso_etl', 'tarea_limpieza', 'manual__2025-03-23T20:01:50-04:00', '--job-id', '24', '--raw', '--subdir', 'DAGS_FOLDER/dag_etl.py', '--cfg-path', '/tmp/tmpe28wbmj3']
[2025-03-23T19:05:30.975-0500] {standard_task_runner.py:105} INFO - Job 24: Subtask tarea_limpieza
[2025-03-23T19:05:31.013-0500] {task_command.py:467} INFO - Running <TaskInstance: proceso_etl.tarea_limpieza manual__2025-03-23T20:01:50-04:00 [running]> on host luis-GF65
[2025-03-23T19:05:31.071-0500] {taskinstance.py:3134} INFO - Exporting env vars: AIRFLOW_CTX_DAG_OWNER='airflow' AIRFLOW_CTX_DAG_ID='proceso_etl' AIRFLOW_CTX_TASK_ID='tarea_limpieza' AIRFLOW_CTX_EXECUTION_DATE='2025-03-24T00:01:50+00:00' AIRFLOW_CTX_TRY_NUMBER='1' AIRFLOW_CTX_DAG_RUN_ID='manual__2025-03-23T20:01:50-04:00'
[2025-03-23T19:05:31.072-0500] {taskinstance.py:732} INFO - ::endgroup::
[2025-03-23T19:05:31.228-0500] {limpieza.py:55} INFO - 1. Terminando pre-limpieza antes del análisis !!
[2025-03-23T19:05:31.277-0500] {limpieza.py:76} INFO - 2. Terminando corrección de coordenadas y distrito !!
[2025-03-23T19:05:31.283-0500] {limpieza.py:94} INFO - Relación en distrito barranco: 2.29
[2025-03-23T19:05:31.284-0500] {limpieza.py:98} INFO - Relación global entre preciosxm2: 2.29
[2025-03-23T19:05:31.286-0500] {limpieza.py:105} INFO - 3. Terminando corrección de precios extremadamente bajos !!
[2025-03-23T19:05:31.295-0500] {logging_mixin.py:190} WARNING - /home/luis/Proyectos/PrecioDeDepartamentos/Alquiler-deparamentos-en-lima/An-lisis-del-alquiler-de-departamentos-en-Lima/Pipeline/AirflowPipeline/tasks/limpieza.py:118 SettingWithCopyWarning:
A value is trying to be set on a copy of a slice from a DataFrame.
Try using .loc[row_indexer,col_indexer] = value instead

See the caveats in the documentation: https://pandas.pydata.org/pandas-docs/stable/user_guide/indexing.html#returning-a-view-versus-a-copy
[2025-03-23T19:05:31.304-0500] {limpieza.py:132} INFO - 4. Terminando tratamiento de duplicados !!
[2025-03-23T19:05:32.053-0500] {limpieza.py:160} INFO - MAPE RFR promedio: 0.21256756817119804
[2025-03-23T19:05:32.053-0500] {limpieza.py:161} INFO - MAPE imputación media promedio: 0.6081022002816641
[2025-03-23T19:05:32.057-0500] {limpieza.py:163} INFO - 5. Terminando tratamiento de nulos en área !!
[2025-03-23T19:05:32.058-0500] {logging_mixin.py:190} INFO - No existen valores nulos en antiguedad
[2025-03-23T19:05:32.068-0500] {logging_mixin.py:190} WARNING - /home/luis/Proyectos/PrecioDeDepartamentos/Alquiler-deparamentos-en-lima/An-lisis-del-alquiler-de-departamentos-en-Lima/Pipeline/AirflowPipeline/tasks/limpieza.py:198 FutureWarning: Series.__getitem__ treating keys as positions is deprecated. In a future version, integer keys will always be treated as labels (consistent with DataFrame behavior). To access a value by position, use `ser.iloc[pos]`
[2025-03-23T19:05:32.091-0500] {limpieza.py:215} INFO - 7. Terminando última limpieza antes de EDA !!
[2025-03-23T19:05:32.182-0500] {taskinstance.py:3313} ERROR - Task failed with exception
Traceback (most recent call last):
  File "/home/luis/Proyectos/PrecioDeDepartamentos/Alquiler-deparamentos-en-lima/An-lisis-del-alquiler-de-departamentos-en-Lima/Pipeline/AirflowPipeline/.venv/lib/python3.10/site-packages/airflow/models/taskinstance.py", line 768, in _execute_task
    result = _execute_callable(context=context, **execute_callable_kwargs)
  File "/home/luis/Proyectos/PrecioDeDepartamentos/Alquiler-deparamentos-en-lima/An-lisis-del-alquiler-de-departamentos-en-Lima/Pipeline/AirflowPipeline/.venv/lib/python3.10/site-packages/airflow/models/taskinstance.py", line 734, in _execute_callable
    return ExecutionCallableRunner(
  File "/home/luis/Proyectos/PrecioDeDepartamentos/Alquiler-deparamentos-en-lima/An-lisis-del-alquiler-de-departamentos-en-Lima/Pipeline/AirflowPipeline/.venv/lib/python3.10/site-packages/airflow/utils/operator_helpers.py", line 252, in run
    return self.func(*args, **kwargs)
  File "/home/luis/Proyectos/PrecioDeDepartamentos/Alquiler-deparamentos-en-lima/An-lisis-del-alquiler-de-departamentos-en-Lima/Pipeline/AirflowPipeline/.venv/lib/python3.10/site-packages/airflow/models/baseoperator.py", line 424, in wrapper
    return func(self, *args, **kwargs)
  File "/home/luis/Proyectos/PrecioDeDepartamentos/Alquiler-deparamentos-en-lima/An-lisis-del-alquiler-de-departamentos-en-Lima/Pipeline/AirflowPipeline/.venv/lib/python3.10/site-packages/airflow/operators/python.py", line 238, in execute
    return_value = self.execute_callable()
  File "/home/luis/Proyectos/PrecioDeDepartamentos/Alquiler-deparamentos-en-lima/An-lisis-del-alquiler-de-departamentos-en-Lima/Pipeline/AirflowPipeline/.venv/lib/python3.10/site-packages/airflow/operators/python.py", line 256, in execute_callable
    return runner.run(*self.op_args, **self.op_kwargs)
  File "/home/luis/Proyectos/PrecioDeDepartamentos/Alquiler-deparamentos-en-lima/An-lisis-del-alquiler-de-departamentos-en-Lima/Pipeline/AirflowPipeline/.venv/lib/python3.10/site-packages/airflow/utils/operator_helpers.py", line 252, in run
    return self.func(*args, **kwargs)
  File "/home/luis/Proyectos/PrecioDeDepartamentos/Alquiler-deparamentos-en-lima/An-lisis-del-alquiler-de-departamentos-en-Lima/Pipeline/AirflowPipeline/dags/dag_etl.py", line 100, in tarea_limpieza
    datalimpieza_ruta = datalimpieza.realizar_limpieza()
  File "/home/luis/Proyectos/PrecioDeDepartamentos/Alquiler-deparamentos-en-lima/An-lisis-del-alquiler-de-departamentos-en-Lima/Pipeline/AirflowPipeline/tasks/limpieza.py", line 42, in realizar_limpieza
    upload_cs_file(self.bucket_name, ruta_local, ruta_gcp)
  File "/home/luis/Proyectos/PrecioDeDepartamentos/Alquiler-deparamentos-en-lima/An-lisis-del-alquiler-de-departamentos-en-Lima/Pipeline/AirflowPipeline/utils/manejador_bucket_gcp.py", line 17, in upload_cs_file
    bucket = storage_client.bucket(bucket_name)
  File "/home/luis/Proyectos/PrecioDeDepartamentos/Alquiler-deparamentos-en-lima/An-lisis-del-alquiler-de-departamentos-en-Lima/Pipeline/AirflowPipeline/.venv/lib/python3.10/site-packages/google/cloud/storage/client.py", line 392, in bucket
    return Bucket(
  File "/home/luis/Proyectos/PrecioDeDepartamentos/Alquiler-deparamentos-en-lima/An-lisis-del-alquiler-de-departamentos-en-Lima/Pipeline/AirflowPipeline/.venv/lib/python3.10/site-packages/google/cloud/storage/bucket.py", line 671, in __init__
    name = _validate_name(name)
  File "/home/luis/Proyectos/PrecioDeDepartamentos/Alquiler-deparamentos-en-lima/An-lisis-del-alquiler-de-departamentos-en-Lima/Pipeline/AirflowPipeline/.venv/lib/python3.10/site-packages/google/cloud/storage/_helpers.py", line 143, in _validate_name
    if not all([name[0].isalnum(), name[-1].isalnum()]):
IndexError: string index out of range
[2025-03-23T19:05:32.203-0500] {taskinstance.py:1226} INFO - Marking task as UP_FOR_RETRY. dag_id=proceso_etl, task_id=tarea_limpieza, run_id=manual__2025-03-23T20:01:50-04:00, execution_date=20250324T000150, start_date=20250324T000530, end_date=20250324T000532
[2025-03-23T19:05:32.261-0500] {taskinstance.py:341} INFO - ::group::Post task execution logs
[2025-03-23T19:05:32.262-0500] {standard_task_runner.py:124} ERROR - Failed to execute job 24 for task tarea_limpieza (string index out of range; 47809)
Traceback (most recent call last):
  File "/home/luis/Proyectos/PrecioDeDepartamentos/Alquiler-deparamentos-en-lima/An-lisis-del-alquiler-de-departamentos-en-Lima/Pipeline/AirflowPipeline/.venv/lib/python3.10/site-packages/airflow/task/task_runner/standard_task_runner.py", line 117, in _start_by_fork
    ret = args.func(args, dag=self.dag)
  File "/home/luis/Proyectos/PrecioDeDepartamentos/Alquiler-deparamentos-en-lima/An-lisis-del-alquiler-de-departamentos-en-Lima/Pipeline/AirflowPipeline/.venv/lib/python3.10/site-packages/airflow/cli/cli_config.py", line 49, in command
    return func(*args, **kwargs)
  File "/home/luis/Proyectos/PrecioDeDepartamentos/Alquiler-deparamentos-en-lima/An-lisis-del-alquiler-de-departamentos-en-Lima/Pipeline/AirflowPipeline/.venv/lib/python3.10/site-packages/airflow/utils/cli.py", line 116, in wrapper
    return f(*args, **kwargs)
  File "/home/luis/Proyectos/PrecioDeDepartamentos/Alquiler-deparamentos-en-lima/An-lisis-del-alquiler-de-departamentos-en-Lima/Pipeline/AirflowPipeline/.venv/lib/python3.10/site-packages/airflow/cli/commands/task_command.py", line 483, in task_run
    task_return_code = _run_task_by_selected_method(args, _dag, ti)
  File "/home/luis/Proyectos/PrecioDeDepartamentos/Alquiler-deparamentos-en-lima/An-lisis-del-alquiler-de-departamentos-en-Lima/Pipeline/AirflowPipeline/.venv/lib/python3.10/site-packages/airflow/cli/commands/task_command.py", line 256, in _run_task_by_selected_method
    return _run_raw_task(args, ti)
  File "/home/luis/Proyectos/PrecioDeDepartamentos/Alquiler-deparamentos-en-lima/An-lisis-del-alquiler-de-departamentos-en-Lima/Pipeline/AirflowPipeline/.venv/lib/python3.10/site-packages/airflow/cli/commands/task_command.py", line 341, in _run_raw_task
    return ti._run_raw_task(
  File "/home/luis/Proyectos/PrecioDeDepartamentos/Alquiler-deparamentos-en-lima/An-lisis-del-alquiler-de-departamentos-en-Lima/Pipeline/AirflowPipeline/.venv/lib/python3.10/site-packages/airflow/utils/session.py", line 97, in wrapper
    return func(*args, session=session, **kwargs)
  File "/home/luis/Proyectos/PrecioDeDepartamentos/Alquiler-deparamentos-en-lima/An-lisis-del-alquiler-de-departamentos-en-Lima/Pipeline/AirflowPipeline/.venv/lib/python3.10/site-packages/airflow/models/taskinstance.py", line 3006, in _run_raw_task
    return _run_raw_task(
  File "/home/luis/Proyectos/PrecioDeDepartamentos/Alquiler-deparamentos-en-lima/An-lisis-del-alquiler-de-departamentos-en-Lima/Pipeline/AirflowPipeline/.venv/lib/python3.10/site-packages/airflow/models/taskinstance.py", line 274, in _run_raw_task
    TaskInstance._execute_task_with_callbacks(
  File "/home/luis/Proyectos/PrecioDeDepartamentos/Alquiler-deparamentos-en-lima/An-lisis-del-alquiler-de-departamentos-en-Lima/Pipeline/AirflowPipeline/.venv/lib/python3.10/site-packages/airflow/models/taskinstance.py", line 3161, in _execute_task_with_callbacks
    result = self._execute_task(context, task_orig)
  File "/home/luis/Proyectos/PrecioDeDepartamentos/Alquiler-deparamentos-en-lima/An-lisis-del-alquiler-de-departamentos-en-Lima/Pipeline/AirflowPipeline/.venv/lib/python3.10/site-packages/airflow/models/taskinstance.py", line 3185, in _execute_task
    return _execute_task(self, context, task_orig)
  File "/home/luis/Proyectos/PrecioDeDepartamentos/Alquiler-deparamentos-en-lima/An-lisis-del-alquiler-de-departamentos-en-Lima/Pipeline/AirflowPipeline/.venv/lib/python3.10/site-packages/airflow/models/taskinstance.py", line 768, in _execute_task
    result = _execute_callable(context=context, **execute_callable_kwargs)
  File "/home/luis/Proyectos/PrecioDeDepartamentos/Alquiler-deparamentos-en-lima/An-lisis-del-alquiler-de-departamentos-en-Lima/Pipeline/AirflowPipeline/.venv/lib/python3.10/site-packages/airflow/models/taskinstance.py", line 734, in _execute_callable
    return ExecutionCallableRunner(
  File "/home/luis/Proyectos/PrecioDeDepartamentos/Alquiler-deparamentos-en-lima/An-lisis-del-alquiler-de-departamentos-en-Lima/Pipeline/AirflowPipeline/.venv/lib/python3.10/site-packages/airflow/utils/operator_helpers.py", line 252, in run
    return self.func(*args, **kwargs)
  File "/home/luis/Proyectos/PrecioDeDepartamentos/Alquiler-deparamentos-en-lima/An-lisis-del-alquiler-de-departamentos-en-Lima/Pipeline/AirflowPipeline/.venv/lib/python3.10/site-packages/airflow/models/baseoperator.py", line 424, in wrapper
    return func(self, *args, **kwargs)
  File "/home/luis/Proyectos/PrecioDeDepartamentos/Alquiler-deparamentos-en-lima/An-lisis-del-alquiler-de-departamentos-en-Lima/Pipeline/AirflowPipeline/.venv/lib/python3.10/site-packages/airflow/operators/python.py", line 238, in execute
    return_value = self.execute_callable()
  File "/home/luis/Proyectos/PrecioDeDepartamentos/Alquiler-deparamentos-en-lima/An-lisis-del-alquiler-de-departamentos-en-Lima/Pipeline/AirflowPipeline/.venv/lib/python3.10/site-packages/airflow/operators/python.py", line 256, in execute_callable
    return runner.run(*self.op_args, **self.op_kwargs)
  File "/home/luis/Proyectos/PrecioDeDepartamentos/Alquiler-deparamentos-en-lima/An-lisis-del-alquiler-de-departamentos-en-Lima/Pipeline/AirflowPipeline/.venv/lib/python3.10/site-packages/airflow/utils/operator_helpers.py", line 252, in run
    return self.func(*args, **kwargs)
  File "/home/luis/Proyectos/PrecioDeDepartamentos/Alquiler-deparamentos-en-lima/An-lisis-del-alquiler-de-departamentos-en-Lima/Pipeline/AirflowPipeline/dags/dag_etl.py", line 100, in tarea_limpieza
    datalimpieza_ruta = datalimpieza.realizar_limpieza()
  File "/home/luis/Proyectos/PrecioDeDepartamentos/Alquiler-deparamentos-en-lima/An-lisis-del-alquiler-de-departamentos-en-Lima/Pipeline/AirflowPipeline/tasks/limpieza.py", line 42, in realizar_limpieza
    upload_cs_file(self.bucket_name, ruta_local, ruta_gcp)
  File "/home/luis/Proyectos/PrecioDeDepartamentos/Alquiler-deparamentos-en-lima/An-lisis-del-alquiler-de-departamentos-en-Lima/Pipeline/AirflowPipeline/utils/manejador_bucket_gcp.py", line 17, in upload_cs_file
    bucket = storage_client.bucket(bucket_name)
  File "/home/luis/Proyectos/PrecioDeDepartamentos/Alquiler-deparamentos-en-lima/An-lisis-del-alquiler-de-departamentos-en-Lima/Pipeline/AirflowPipeline/.venv/lib/python3.10/site-packages/google/cloud/storage/client.py", line 392, in bucket
    return Bucket(
  File "/home/luis/Proyectos/PrecioDeDepartamentos/Alquiler-deparamentos-en-lima/An-lisis-del-alquiler-de-departamentos-en-Lima/Pipeline/AirflowPipeline/.venv/lib/python3.10/site-packages/google/cloud/storage/bucket.py", line 671, in __init__
    name = _validate_name(name)
  File "/home/luis/Proyectos/PrecioDeDepartamentos/Alquiler-deparamentos-en-lima/An-lisis-del-alquiler-de-departamentos-en-Lima/Pipeline/AirflowPipeline/.venv/lib/python3.10/site-packages/google/cloud/storage/_helpers.py", line 143, in _validate_name
    if not all([name[0].isalnum(), name[-1].isalnum()]):
IndexError: string index out of range
[2025-03-23T19:05:32.308-0500] {local_task_job_runner.py:266} INFO - Task exited with return code 1
[2025-03-23T19:05:32.321-0500] {taskinstance.py:3901} INFO - 0 downstream tasks scheduled from follow-on schedule check
[2025-03-23T19:05:32.321-0500] {local_task_job_runner.py:245} INFO - ::endgroup::
