[2025-03-23T17:57:12.818-0500] {local_task_job_runner.py:123} INFO - ::group::Pre task execution logs
[2025-03-23T17:57:12.827-0500] {taskinstance.py:2614} INFO - Dependencies all met for dep_context=non-requeueable deps ti=<TaskInstance: proceso_etl.tarea_formateo manual__2025-03-23T18:56:27-04:00 [queued]>
[2025-03-23T17:57:12.833-0500] {taskinstance.py:2614} INFO - Dependencies all met for dep_context=requeueable deps ti=<TaskInstance: proceso_etl.tarea_formateo manual__2025-03-23T18:56:27-04:00 [queued]>
[2025-03-23T17:57:12.833-0500] {taskinstance.py:2867} INFO - Starting attempt 1 of 2
[2025-03-23T17:57:12.855-0500] {taskinstance.py:2890} INFO - Executing <Task(PythonOperator): tarea_formateo> on 2025-03-23 22:56:27+00:00
[2025-03-23T17:57:12.860-0500] {standard_task_runner.py:72} INFO - Started process 124011 to run task
[2025-03-23T17:57:12.863-0500] {standard_task_runner.py:104} INFO - Running: ['airflow', 'tasks', 'run', 'proceso_etl', 'tarea_formateo', 'manual__2025-03-23T18:56:27-04:00', '--job-id', '11', '--raw', '--subdir', 'DAGS_FOLDER/dag_etl.py', '--cfg-path', '/tmp/tmpkw9yxwim']
[2025-03-23T17:57:12.864-0500] {standard_task_runner.py:105} INFO - Job 11: Subtask tarea_formateo
[2025-03-23T17:57:12.893-0500] {task_command.py:467} INFO - Running <TaskInstance: proceso_etl.tarea_formateo manual__2025-03-23T18:56:27-04:00 [running]> on host luis-GF65
[2025-03-23T17:57:12.944-0500] {taskinstance.py:3134} INFO - Exporting env vars: AIRFLOW_CTX_DAG_OWNER='airflow' AIRFLOW_CTX_DAG_ID='proceso_etl' AIRFLOW_CTX_TASK_ID='tarea_formateo' AIRFLOW_CTX_EXECUTION_DATE='2025-03-23T22:56:27+00:00' AIRFLOW_CTX_TRY_NUMBER='1' AIRFLOW_CTX_DAG_RUN_ID='manual__2025-03-23T18:56:27-04:00'
[2025-03-23T17:57:12.945-0500] {taskinstance.py:732} INFO - ::endgroup::
[2025-03-23T17:57:13.070-0500] {formateo.py:27} INFO - Cargando 359 datos desde data/json/data_json_20250323_175633.json (local)
[2025-03-23T17:57:13.100-0500] {taskinstance.py:3313} ERROR - Task failed with exception
Traceback (most recent call last):
  File "/home/luis/Proyectos/PrecioDeDepartamentos/Alquiler-deparamentos-en-lima/An-lisis-del-alquiler-de-departamentos-en-Lima/Pipeline/AirflowPipeline/.venv/lib/python3.10/site-packages/airflow/models/taskinstance.py", line 768, in _execute_task
    result = _execute_callable(context=context, **execute_callable_kwargs)
  File "/home/luis/Proyectos/PrecioDeDepartamentos/Alquiler-deparamentos-en-lima/An-lisis-del-alquiler-de-departamentos-en-Lima/Pipeline/AirflowPipeline/.venv/lib/python3.10/site-packages/airflow/models/taskinstance.py", line 734, in _execute_callable
    return ExecutionCallableRunner(
  File "/home/luis/Proyectos/PrecioDeDepartamentos/Alquiler-deparamentos-en-lima/An-lisis-del-alquiler-de-departamentos-en-Lima/Pipeline/AirflowPipeline/.venv/lib/python3.10/site-packages/airflow/utils/operator_helpers.py", line 252, in run
    return self.func(*args, **kwargs)
  File "/home/luis/Proyectos/PrecioDeDepartamentos/Alquiler-deparamentos-en-lima/An-lisis-del-alquiler-de-departamentos-en-Lima/Pipeline/AirflowPipeline/.venv/lib/python3.10/site-packages/airflow/models/baseoperator.py", line 424, in wrapper
    return func(self, *args, **kwargs)
  File "/home/luis/Proyectos/PrecioDeDepartamentos/Alquiler-deparamentos-en-lima/An-lisis-del-alquiler-de-departamentos-en-Lima/Pipeline/AirflowPipeline/.venv/lib/python3.10/site-packages/airflow/operators/python.py", line 238, in execute
    return_value = self.execute_callable()
  File "/home/luis/Proyectos/PrecioDeDepartamentos/Alquiler-deparamentos-en-lima/An-lisis-del-alquiler-de-departamentos-en-Lima/Pipeline/AirflowPipeline/.venv/lib/python3.10/site-packages/airflow/operators/python.py", line 256, in execute_callable
    return runner.run(*self.op_args, **self.op_kwargs)
  File "/home/luis/Proyectos/PrecioDeDepartamentos/Alquiler-deparamentos-en-lima/An-lisis-del-alquiler-de-departamentos-en-Lima/Pipeline/AirflowPipeline/.venv/lib/python3.10/site-packages/airflow/utils/operator_helpers.py", line 252, in run
    return self.func(*args, **kwargs)
  File "/home/luis/Proyectos/PrecioDeDepartamentos/Alquiler-deparamentos-en-lima/An-lisis-del-alquiler-de-departamentos-en-Lima/Pipeline/AirflowPipeline/dags/dag_etl.py", line 88, in tarea_formateo
    formateo_ruta = formateo.realizar_formateo()
  File "/home/luis/Proyectos/PrecioDeDepartamentos/Alquiler-deparamentos-en-lima/An-lisis-del-alquiler-de-departamentos-en-Lima/Pipeline/AirflowPipeline/tasks/formateo.py", line 38, in realizar_formateo
    data_formateada.to_csv(ruta_local,index=False)
  File "/home/luis/Proyectos/PrecioDeDepartamentos/Alquiler-deparamentos-en-lima/An-lisis-del-alquiler-de-departamentos-en-Lima/Pipeline/AirflowPipeline/.venv/lib/python3.10/site-packages/pandas/core/generic.py", line 3902, in to_csv
    return DataFrameRenderer(formatter).to_csv(
  File "/home/luis/Proyectos/PrecioDeDepartamentos/Alquiler-deparamentos-en-lima/An-lisis-del-alquiler-de-departamentos-en-Lima/Pipeline/AirflowPipeline/.venv/lib/python3.10/site-packages/pandas/io/formats/format.py", line 1152, in to_csv
    csv_formatter.save()
  File "/home/luis/Proyectos/PrecioDeDepartamentos/Alquiler-deparamentos-en-lima/An-lisis-del-alquiler-de-departamentos-en-Lima/Pipeline/AirflowPipeline/.venv/lib/python3.10/site-packages/pandas/io/formats/csvs.py", line 247, in save
    with get_handle(
  File "/home/luis/Proyectos/PrecioDeDepartamentos/Alquiler-deparamentos-en-lima/An-lisis-del-alquiler-de-departamentos-en-Lima/Pipeline/AirflowPipeline/.venv/lib/python3.10/site-packages/pandas/io/common.py", line 739, in get_handle
    check_parent_directory(str(handle))
  File "/home/luis/Proyectos/PrecioDeDepartamentos/Alquiler-deparamentos-en-lima/An-lisis-del-alquiler-de-departamentos-en-Lima/Pipeline/AirflowPipeline/.venv/lib/python3.10/site-packages/pandas/io/common.py", line 604, in check_parent_directory
    raise OSError(rf"Cannot save file into a non-existent directory: '{parent}'")
OSError: Cannot save file into a non-existent directory: 'data/csv'
[2025-03-23T17:57:13.108-0500] {taskinstance.py:1226} INFO - Marking task as UP_FOR_RETRY. dag_id=proceso_etl, task_id=tarea_formateo, run_id=manual__2025-03-23T18:56:27-04:00, execution_date=20250323T225627, start_date=20250323T225712, end_date=20250323T225713
[2025-03-23T17:57:13.137-0500] {taskinstance.py:341} INFO - ::group::Post task execution logs
[2025-03-23T17:57:13.137-0500] {standard_task_runner.py:124} ERROR - Failed to execute job 11 for task tarea_formateo (Cannot save file into a non-existent directory: 'data/csv'; 124011)
Traceback (most recent call last):
  File "/home/luis/Proyectos/PrecioDeDepartamentos/Alquiler-deparamentos-en-lima/An-lisis-del-alquiler-de-departamentos-en-Lima/Pipeline/AirflowPipeline/.venv/lib/python3.10/site-packages/airflow/task/task_runner/standard_task_runner.py", line 117, in _start_by_fork
    ret = args.func(args, dag=self.dag)
  File "/home/luis/Proyectos/PrecioDeDepartamentos/Alquiler-deparamentos-en-lima/An-lisis-del-alquiler-de-departamentos-en-Lima/Pipeline/AirflowPipeline/.venv/lib/python3.10/site-packages/airflow/cli/cli_config.py", line 49, in command
    return func(*args, **kwargs)
  File "/home/luis/Proyectos/PrecioDeDepartamentos/Alquiler-deparamentos-en-lima/An-lisis-del-alquiler-de-departamentos-en-Lima/Pipeline/AirflowPipeline/.venv/lib/python3.10/site-packages/airflow/utils/cli.py", line 116, in wrapper
    return f(*args, **kwargs)
  File "/home/luis/Proyectos/PrecioDeDepartamentos/Alquiler-deparamentos-en-lima/An-lisis-del-alquiler-de-departamentos-en-Lima/Pipeline/AirflowPipeline/.venv/lib/python3.10/site-packages/airflow/cli/commands/task_command.py", line 483, in task_run
    task_return_code = _run_task_by_selected_method(args, _dag, ti)
  File "/home/luis/Proyectos/PrecioDeDepartamentos/Alquiler-deparamentos-en-lima/An-lisis-del-alquiler-de-departamentos-en-Lima/Pipeline/AirflowPipeline/.venv/lib/python3.10/site-packages/airflow/cli/commands/task_command.py", line 256, in _run_task_by_selected_method
    return _run_raw_task(args, ti)
  File "/home/luis/Proyectos/PrecioDeDepartamentos/Alquiler-deparamentos-en-lima/An-lisis-del-alquiler-de-departamentos-en-Lima/Pipeline/AirflowPipeline/.venv/lib/python3.10/site-packages/airflow/cli/commands/task_command.py", line 341, in _run_raw_task
    return ti._run_raw_task(
  File "/home/luis/Proyectos/PrecioDeDepartamentos/Alquiler-deparamentos-en-lima/An-lisis-del-alquiler-de-departamentos-en-Lima/Pipeline/AirflowPipeline/.venv/lib/python3.10/site-packages/airflow/utils/session.py", line 97, in wrapper
    return func(*args, session=session, **kwargs)
  File "/home/luis/Proyectos/PrecioDeDepartamentos/Alquiler-deparamentos-en-lima/An-lisis-del-alquiler-de-departamentos-en-Lima/Pipeline/AirflowPipeline/.venv/lib/python3.10/site-packages/airflow/models/taskinstance.py", line 3006, in _run_raw_task
    return _run_raw_task(
  File "/home/luis/Proyectos/PrecioDeDepartamentos/Alquiler-deparamentos-en-lima/An-lisis-del-alquiler-de-departamentos-en-Lima/Pipeline/AirflowPipeline/.venv/lib/python3.10/site-packages/airflow/models/taskinstance.py", line 274, in _run_raw_task
    TaskInstance._execute_task_with_callbacks(
  File "/home/luis/Proyectos/PrecioDeDepartamentos/Alquiler-deparamentos-en-lima/An-lisis-del-alquiler-de-departamentos-en-Lima/Pipeline/AirflowPipeline/.venv/lib/python3.10/site-packages/airflow/models/taskinstance.py", line 3161, in _execute_task_with_callbacks
    result = self._execute_task(context, task_orig)
  File "/home/luis/Proyectos/PrecioDeDepartamentos/Alquiler-deparamentos-en-lima/An-lisis-del-alquiler-de-departamentos-en-Lima/Pipeline/AirflowPipeline/.venv/lib/python3.10/site-packages/airflow/models/taskinstance.py", line 3185, in _execute_task
    return _execute_task(self, context, task_orig)
  File "/home/luis/Proyectos/PrecioDeDepartamentos/Alquiler-deparamentos-en-lima/An-lisis-del-alquiler-de-departamentos-en-Lima/Pipeline/AirflowPipeline/.venv/lib/python3.10/site-packages/airflow/models/taskinstance.py", line 768, in _execute_task
    result = _execute_callable(context=context, **execute_callable_kwargs)
  File "/home/luis/Proyectos/PrecioDeDepartamentos/Alquiler-deparamentos-en-lima/An-lisis-del-alquiler-de-departamentos-en-Lima/Pipeline/AirflowPipeline/.venv/lib/python3.10/site-packages/airflow/models/taskinstance.py", line 734, in _execute_callable
    return ExecutionCallableRunner(
  File "/home/luis/Proyectos/PrecioDeDepartamentos/Alquiler-deparamentos-en-lima/An-lisis-del-alquiler-de-departamentos-en-Lima/Pipeline/AirflowPipeline/.venv/lib/python3.10/site-packages/airflow/utils/operator_helpers.py", line 252, in run
    return self.func(*args, **kwargs)
  File "/home/luis/Proyectos/PrecioDeDepartamentos/Alquiler-deparamentos-en-lima/An-lisis-del-alquiler-de-departamentos-en-Lima/Pipeline/AirflowPipeline/.venv/lib/python3.10/site-packages/airflow/models/baseoperator.py", line 424, in wrapper
    return func(self, *args, **kwargs)
  File "/home/luis/Proyectos/PrecioDeDepartamentos/Alquiler-deparamentos-en-lima/An-lisis-del-alquiler-de-departamentos-en-Lima/Pipeline/AirflowPipeline/.venv/lib/python3.10/site-packages/airflow/operators/python.py", line 238, in execute
    return_value = self.execute_callable()
  File "/home/luis/Proyectos/PrecioDeDepartamentos/Alquiler-deparamentos-en-lima/An-lisis-del-alquiler-de-departamentos-en-Lima/Pipeline/AirflowPipeline/.venv/lib/python3.10/site-packages/airflow/operators/python.py", line 256, in execute_callable
    return runner.run(*self.op_args, **self.op_kwargs)
  File "/home/luis/Proyectos/PrecioDeDepartamentos/Alquiler-deparamentos-en-lima/An-lisis-del-alquiler-de-departamentos-en-Lima/Pipeline/AirflowPipeline/.venv/lib/python3.10/site-packages/airflow/utils/operator_helpers.py", line 252, in run
    return self.func(*args, **kwargs)
  File "/home/luis/Proyectos/PrecioDeDepartamentos/Alquiler-deparamentos-en-lima/An-lisis-del-alquiler-de-departamentos-en-Lima/Pipeline/AirflowPipeline/dags/dag_etl.py", line 88, in tarea_formateo
    formateo_ruta = formateo.realizar_formateo()
  File "/home/luis/Proyectos/PrecioDeDepartamentos/Alquiler-deparamentos-en-lima/An-lisis-del-alquiler-de-departamentos-en-Lima/Pipeline/AirflowPipeline/tasks/formateo.py", line 38, in realizar_formateo
    data_formateada.to_csv(ruta_local,index=False)
  File "/home/luis/Proyectos/PrecioDeDepartamentos/Alquiler-deparamentos-en-lima/An-lisis-del-alquiler-de-departamentos-en-Lima/Pipeline/AirflowPipeline/.venv/lib/python3.10/site-packages/pandas/core/generic.py", line 3902, in to_csv
    return DataFrameRenderer(formatter).to_csv(
  File "/home/luis/Proyectos/PrecioDeDepartamentos/Alquiler-deparamentos-en-lima/An-lisis-del-alquiler-de-departamentos-en-Lima/Pipeline/AirflowPipeline/.venv/lib/python3.10/site-packages/pandas/io/formats/format.py", line 1152, in to_csv
    csv_formatter.save()
  File "/home/luis/Proyectos/PrecioDeDepartamentos/Alquiler-deparamentos-en-lima/An-lisis-del-alquiler-de-departamentos-en-Lima/Pipeline/AirflowPipeline/.venv/lib/python3.10/site-packages/pandas/io/formats/csvs.py", line 247, in save
    with get_handle(
  File "/home/luis/Proyectos/PrecioDeDepartamentos/Alquiler-deparamentos-en-lima/An-lisis-del-alquiler-de-departamentos-en-Lima/Pipeline/AirflowPipeline/.venv/lib/python3.10/site-packages/pandas/io/common.py", line 739, in get_handle
    check_parent_directory(str(handle))
  File "/home/luis/Proyectos/PrecioDeDepartamentos/Alquiler-deparamentos-en-lima/An-lisis-del-alquiler-de-departamentos-en-Lima/Pipeline/AirflowPipeline/.venv/lib/python3.10/site-packages/pandas/io/common.py", line 604, in check_parent_directory
    raise OSError(rf"Cannot save file into a non-existent directory: '{parent}'")
OSError: Cannot save file into a non-existent directory: 'data/csv'
[2025-03-23T17:57:13.155-0500] {local_task_job_runner.py:266} INFO - Task exited with return code 1
[2025-03-23T17:57:13.165-0500] {taskinstance.py:3901} INFO - 0 downstream tasks scheduled from follow-on schedule check
[2025-03-23T17:57:13.166-0500] {local_task_job_runner.py:245} INFO - ::endgroup::
