[2025-03-23T19:32:38.698-0500] {local_task_job_runner.py:123} INFO - ::group::Pre task execution logs
[2025-03-23T19:32:38.705-0500] {taskinstance.py:2614} INFO - Dependencies all met for dep_context=non-requeueable deps ti=<TaskInstance: proceso_etl.tarea_extraccion manual__2025-03-23T20:32:33-04:00 [queued]>
[2025-03-23T19:32:38.709-0500] {taskinstance.py:2614} INFO - Dependencies all met for dep_context=requeueable deps ti=<TaskInstance: proceso_etl.tarea_extraccion manual__2025-03-23T20:32:33-04:00 [queued]>
[2025-03-23T19:32:38.709-0500] {taskinstance.py:2867} INFO - Starting attempt 1 of 2
[2025-03-23T19:32:38.731-0500] {taskinstance.py:2890} INFO - Executing <Task(PythonOperator): tarea_extraccion> on 2025-03-24 00:32:33+00:00
[2025-03-23T19:32:38.738-0500] {standard_task_runner.py:72} INFO - Started process 85436 to run task
[2025-03-23T19:32:38.740-0500] {standard_task_runner.py:104} INFO - Running: ['airflow', 'tasks', 'run', 'proceso_etl', 'tarea_extraccion', 'manual__2025-03-23T20:32:33-04:00', '--job-id', '32', '--raw', '--subdir', 'DAGS_FOLDER/dag_etl.py', '--cfg-path', '/tmp/tmpxj2_502x']
[2025-03-23T19:32:38.741-0500] {standard_task_runner.py:105} INFO - Job 32: Subtask tarea_extraccion
[2025-03-23T19:32:38.773-0500] {task_command.py:467} INFO - Running <TaskInstance: proceso_etl.tarea_extraccion manual__2025-03-23T20:32:33-04:00 [running]> on host luis-GF65
[2025-03-23T19:32:38.827-0500] {taskinstance.py:3134} INFO - Exporting env vars: AIRFLOW_CTX_DAG_OWNER='airflow' AIRFLOW_CTX_DAG_ID='proceso_etl' AIRFLOW_CTX_TASK_ID='tarea_extraccion' AIRFLOW_CTX_EXECUTION_DATE='2025-03-24T00:32:33+00:00' AIRFLOW_CTX_TRY_NUMBER='1' AIRFLOW_CTX_DAG_RUN_ID='manual__2025-03-23T20:32:33-04:00'
[2025-03-23T19:32:38.828-0500] {taskinstance.py:732} INFO - ::endgroup::
[2025-03-23T19:32:40.152-0500] {logging_mixin.py:190} INFO - Hay 231 archivos en el folder data_alquileres_lima/rawdata
[2025-03-23T19:32:40.152-0500] {dag_etl.py:66} INFO - Descargando todos los archivos
[2025-03-23T19:32:40.914-0500] {dag_etl.py:79} INFO - Descargado 1 de 231 archivos
[2025-03-23T19:32:41.698-0500] {dag_etl.py:79} INFO - Descargado 2 de 231 archivos
[2025-03-23T19:32:42.578-0500] {dag_etl.py:79} INFO - Descargado 3 de 231 archivos
[2025-03-23T19:32:44.110-0500] {dag_etl.py:79} INFO - Descargado 4 de 231 archivos
[2025-03-23T19:32:44.914-0500] {dag_etl.py:79} INFO - Descargado 5 de 231 archivos
[2025-03-23T19:32:46.029-0500] {dag_etl.py:79} INFO - Descargado 6 de 231 archivos
[2025-03-23T19:32:46.836-0500] {dag_etl.py:79} INFO - Descargado 7 de 231 archivos
[2025-03-23T19:32:47.692-0500] {dag_etl.py:79} INFO - Descargado 8 de 231 archivos
[2025-03-23T19:32:48.530-0500] {dag_etl.py:79} INFO - Descargado 9 de 231 archivos
[2025-03-23T19:32:49.251-0500] {dag_etl.py:79} INFO - Descargado 10 de 231 archivos
[2025-03-23T19:32:56.726-0500] {python.py:240} INFO - Done. Returned value was: None
[2025-03-23T19:32:56.729-0500] {taskinstance.py:341} INFO - ::group::Post task execution logs
[2025-03-23T19:32:56.730-0500] {taskinstance.py:353} INFO - Marking task as SUCCESS. dag_id=proceso_etl, task_id=tarea_extraccion, run_id=manual__2025-03-23T20:32:33-04:00, execution_date=20250324T003233, start_date=20250324T003238, end_date=20250324T003256
[2025-03-23T19:32:56.776-0500] {local_task_job_runner.py:266} INFO - Task exited with return code 0
[2025-03-23T19:32:56.792-0500] {taskinstance.py:3901} INFO - 1 downstream tasks scheduled from follow-on schedule check
[2025-03-23T19:32:56.802-0500] {local_task_job_runner.py:245} INFO - ::endgroup::
