[2025-03-23T17:59:07.599-0500] {local_task_job_runner.py:123} INFO - ::group::Pre task execution logs
[2025-03-23T17:59:07.607-0500] {taskinstance.py:2614} INFO - Dependencies all met for dep_context=non-requeueable deps ti=<TaskInstance: proceso_etl.tarea_extraccion manual__2025-03-23T18:53:44-04:00 [queued]>
[2025-03-23T17:59:07.611-0500] {taskinstance.py:2614} INFO - Dependencies all met for dep_context=requeueable deps ti=<TaskInstance: proceso_etl.tarea_extraccion manual__2025-03-23T18:53:44-04:00 [queued]>
[2025-03-23T17:59:07.612-0500] {taskinstance.py:2867} INFO - Starting attempt 2 of 2
[2025-03-23T17:59:07.630-0500] {taskinstance.py:2890} INFO - Executing <Task(PythonOperator): tarea_extraccion> on 2025-03-23 22:53:44+00:00
[2025-03-23T17:59:07.634-0500] {standard_task_runner.py:72} INFO - Started process 124221 to run task
[2025-03-23T17:59:07.637-0500] {standard_task_runner.py:104} INFO - Running: ['airflow', 'tasks', 'run', 'proceso_etl', 'tarea_extraccion', 'manual__2025-03-23T18:53:44-04:00', '--job-id', '12', '--raw', '--subdir', 'DAGS_FOLDER/dag_etl.py', '--cfg-path', '/tmp/tmpqddnpo8k']
[2025-03-23T17:59:07.638-0500] {standard_task_runner.py:105} INFO - Job 12: Subtask tarea_extraccion
[2025-03-23T17:59:07.668-0500] {task_command.py:467} INFO - Running <TaskInstance: proceso_etl.tarea_extraccion manual__2025-03-23T18:53:44-04:00 [running]> on host luis-GF65
[2025-03-23T17:59:07.713-0500] {taskinstance.py:3134} INFO - Exporting env vars: AIRFLOW_CTX_DAG_OWNER='airflow' AIRFLOW_CTX_DAG_ID='proceso_etl' AIRFLOW_CTX_TASK_ID='tarea_extraccion' AIRFLOW_CTX_EXECUTION_DATE='2025-03-23T22:53:44+00:00' AIRFLOW_CTX_TRY_NUMBER='2' AIRFLOW_CTX_DAG_RUN_ID='manual__2025-03-23T18:53:44-04:00'
[2025-03-23T17:59:07.714-0500] {taskinstance.py:732} INFO - ::endgroup::
[2025-03-23T17:59:21.120-0500] {logging_mixin.py:190} INFO - Hay 231 archivos en el folder data_alquileres_lima/rawdata
[2025-03-23T17:59:21.120-0500] {dag_etl.py:64} INFO - Descargando todos los archivos
[2025-03-23T17:59:21.880-0500] {dag_etl.py:77} INFO - Descargado 1 de 231 archivos
[2025-03-23T17:59:25.437-0500] {dag_etl.py:77} INFO - Descargado 2 de 231 archivos
[2025-03-23T17:59:26.851-0500] {dag_etl.py:77} INFO - Descargado 3 de 231 archivos
[2025-03-23T17:59:27.892-0500] {dag_etl.py:77} INFO - Descargado 4 de 231 archivos
[2025-03-23T17:59:29.924-0500] {dag_etl.py:77} INFO - Descargado 5 de 231 archivos
[2025-03-23T17:59:33.155-0500] {dag_etl.py:77} INFO - Descargado 6 de 231 archivos
[2025-03-23T17:59:39.252-0500] {dag_etl.py:77} INFO - Descargado 7 de 231 archivos
[2025-03-23T17:59:40.686-0500] {dag_etl.py:77} INFO - Descargado 8 de 231 archivos
[2025-03-23T17:59:42.723-0500] {dag_etl.py:77} INFO - Descargado 9 de 231 archivos
[2025-03-23T17:59:43.489-0500] {dag_etl.py:77} INFO - Descargado 10 de 231 archivos
[2025-03-23T17:59:56.497-0500] {python.py:240} INFO - Done. Returned value was: None
[2025-03-23T17:59:56.500-0500] {taskinstance.py:341} INFO - ::group::Post task execution logs
[2025-03-23T17:59:56.501-0500] {taskinstance.py:353} INFO - Marking task as SUCCESS. dag_id=proceso_etl, task_id=tarea_extraccion, run_id=manual__2025-03-23T18:53:44-04:00, execution_date=20250323T225344, start_date=20250323T225907, end_date=20250323T225956
[2025-03-23T17:59:57.027-0500] {local_task_job_runner.py:266} INFO - Task exited with return code 0
[2025-03-23T17:59:57.052-0500] {taskinstance.py:3901} INFO - 1 downstream tasks scheduled from follow-on schedule check
[2025-03-23T17:59:57.175-0500] {local_task_job_runner.py:245} INFO - ::endgroup::
