[2025-03-23T15:24:54.217-0500] {processor.py:186} INFO - Started process (PID=21661) to work on /home/luis/Proyectos/PrecioDeDepartamentos/Alquiler-deparamentos-en-lima/An-lisis-del-alquiler-de-departamentos-en-Lima/Pipeline/AirflowPipeline/dags/dag_gcp_to_bigquery.py
[2025-03-23T15:24:54.217-0500] {processor.py:914} INFO - Processing file /home/luis/Proyectos/PrecioDeDepartamentos/Alquiler-deparamentos-en-lima/An-lisis-del-alquiler-de-departamentos-en-Lima/Pipeline/AirflowPipeline/dags/dag_gcp_to_bigquery.py for tasks to queue
[2025-03-23T15:24:54.219-0500] {logging_mixin.py:190} INFO - [2025-03-23T15:24:54.219-0500] {dagbag.py:588} INFO - Filling up the DagBag from /home/luis/Proyectos/PrecioDeDepartamentos/Alquiler-deparamentos-en-lima/An-lisis-del-alquiler-de-departamentos-en-Lima/Pipeline/AirflowPipeline/dags/dag_gcp_to_bigquery.py
[2025-03-23T15:24:54.228-0500] {processor.py:925} INFO - DAG(s) 'gcp_to_bigquery' retrieved from /home/luis/Proyectos/PrecioDeDepartamentos/Alquiler-deparamentos-en-lima/An-lisis-del-alquiler-de-departamentos-en-Lima/Pipeline/AirflowPipeline/dags/dag_gcp_to_bigquery.py
[2025-03-23T15:24:54.436-0500] {logging_mixin.py:190} INFO - [2025-03-23T15:24:54.436-0500] {override.py:1930} INFO - Created Permission View: can read on DAG:gcp_to_bigquery
[2025-03-23T15:24:54.456-0500] {logging_mixin.py:190} INFO - [2025-03-23T15:24:54.456-0500] {override.py:1930} INFO - Created Permission View: can delete on DAG:gcp_to_bigquery
[2025-03-23T15:24:54.489-0500] {logging_mixin.py:190} INFO - [2025-03-23T15:24:54.489-0500] {override.py:1930} INFO - Created Permission View: can edit on DAG:gcp_to_bigquery
[2025-03-23T15:24:54.535-0500] {logging_mixin.py:190} INFO - [2025-03-23T15:24:54.535-0500] {override.py:1930} INFO - Created Permission View: can read on DAG Run:gcp_to_bigquery
[2025-03-23T15:24:54.557-0500] {logging_mixin.py:190} INFO - [2025-03-23T15:24:54.556-0500] {override.py:1930} INFO - Created Permission View: can create on DAG Run:gcp_to_bigquery
[2025-03-23T15:24:54.571-0500] {logging_mixin.py:190} INFO - [2025-03-23T15:24:54.571-0500] {override.py:1930} INFO - Created Permission View: can delete on DAG Run:gcp_to_bigquery
[2025-03-23T15:24:54.595-0500] {logging_mixin.py:190} INFO - [2025-03-23T15:24:54.595-0500] {override.py:1930} INFO - Created Permission View: menu access on DAG Run:gcp_to_bigquery
[2025-03-23T15:24:54.596-0500] {logging_mixin.py:190} INFO - [2025-03-23T15:24:54.595-0500] {dag.py:3239} INFO - Sync 1 DAGs
[2025-03-23T15:24:54.607-0500] {logging_mixin.py:190} INFO - [2025-03-23T15:24:54.606-0500] {dag.py:3262} INFO - Creating ORM DAG for gcp_to_bigquery
[2025-03-23T15:24:54.607-0500] {logging_mixin.py:190} INFO - [2025-03-23T15:24:54.607-0500] {dag.py:4180} INFO - Setting next_dagrun for gcp_to_bigquery to None, run_after=None
[2025-03-23T15:24:54.631-0500] {processor.py:208} INFO - Processing /home/luis/Proyectos/PrecioDeDepartamentos/Alquiler-deparamentos-en-lima/An-lisis-del-alquiler-de-departamentos-en-Lima/Pipeline/AirflowPipeline/dags/dag_gcp_to_bigquery.py took 0.419 seconds
[2025-03-23T15:25:25.337-0500] {processor.py:186} INFO - Started process (PID=23084) to work on /home/luis/Proyectos/PrecioDeDepartamentos/Alquiler-deparamentos-en-lima/An-lisis-del-alquiler-de-departamentos-en-Lima/Pipeline/AirflowPipeline/dags/dag_gcp_to_bigquery.py
[2025-03-23T15:25:25.345-0500] {processor.py:914} INFO - Processing file /home/luis/Proyectos/PrecioDeDepartamentos/Alquiler-deparamentos-en-lima/An-lisis-del-alquiler-de-departamentos-en-Lima/Pipeline/AirflowPipeline/dags/dag_gcp_to_bigquery.py for tasks to queue
[2025-03-23T15:25:25.346-0500] {logging_mixin.py:190} INFO - [2025-03-23T15:25:25.346-0500] {dagbag.py:588} INFO - Filling up the DagBag from /home/luis/Proyectos/PrecioDeDepartamentos/Alquiler-deparamentos-en-lima/An-lisis-del-alquiler-de-departamentos-en-Lima/Pipeline/AirflowPipeline/dags/dag_gcp_to_bigquery.py
[2025-03-23T15:25:25.354-0500] {processor.py:925} INFO - DAG(s) 'gcp_to_bigquery' retrieved from /home/luis/Proyectos/PrecioDeDepartamentos/Alquiler-deparamentos-en-lima/An-lisis-del-alquiler-de-departamentos-en-Lima/Pipeline/AirflowPipeline/dags/dag_gcp_to_bigquery.py
[2025-03-23T15:25:25.367-0500] {logging_mixin.py:190} INFO - [2025-03-23T15:25:25.367-0500] {dag.py:3239} INFO - Sync 1 DAGs
[2025-03-23T15:25:25.474-0500] {logging_mixin.py:190} INFO - [2025-03-23T15:25:25.474-0500] {dag.py:4180} INFO - Setting next_dagrun for gcp_to_bigquery to None, run_after=None
[2025-03-23T15:25:25.501-0500] {processor.py:208} INFO - Processing /home/luis/Proyectos/PrecioDeDepartamentos/Alquiler-deparamentos-en-lima/An-lisis-del-alquiler-de-departamentos-en-Lima/Pipeline/AirflowPipeline/dags/dag_gcp_to_bigquery.py took 0.171 seconds
[2025-03-23T15:25:56.435-0500] {processor.py:186} INFO - Started process (PID=24670) to work on /home/luis/Proyectos/PrecioDeDepartamentos/Alquiler-deparamentos-en-lima/An-lisis-del-alquiler-de-departamentos-en-Lima/Pipeline/AirflowPipeline/dags/dag_gcp_to_bigquery.py
[2025-03-23T15:25:56.437-0500] {processor.py:914} INFO - Processing file /home/luis/Proyectos/PrecioDeDepartamentos/Alquiler-deparamentos-en-lima/An-lisis-del-alquiler-de-departamentos-en-Lima/Pipeline/AirflowPipeline/dags/dag_gcp_to_bigquery.py for tasks to queue
[2025-03-23T15:25:56.440-0500] {logging_mixin.py:190} INFO - [2025-03-23T15:25:56.440-0500] {dagbag.py:588} INFO - Filling up the DagBag from /home/luis/Proyectos/PrecioDeDepartamentos/Alquiler-deparamentos-en-lima/An-lisis-del-alquiler-de-departamentos-en-Lima/Pipeline/AirflowPipeline/dags/dag_gcp_to_bigquery.py
[2025-03-23T15:25:56.456-0500] {processor.py:925} INFO - DAG(s) 'gcp_to_bigquery' retrieved from /home/luis/Proyectos/PrecioDeDepartamentos/Alquiler-deparamentos-en-lima/An-lisis-del-alquiler-de-departamentos-en-Lima/Pipeline/AirflowPipeline/dags/dag_gcp_to_bigquery.py
[2025-03-23T15:25:56.483-0500] {logging_mixin.py:190} INFO - [2025-03-23T15:25:56.483-0500] {dag.py:3239} INFO - Sync 1 DAGs
[2025-03-23T15:25:56.502-0500] {logging_mixin.py:190} INFO - [2025-03-23T15:25:56.501-0500] {dag.py:4180} INFO - Setting next_dagrun for gcp_to_bigquery to None, run_after=None
[2025-03-23T15:25:56.549-0500] {processor.py:208} INFO - Processing /home/luis/Proyectos/PrecioDeDepartamentos/Alquiler-deparamentos-en-lima/An-lisis-del-alquiler-de-departamentos-en-Lima/Pipeline/AirflowPipeline/dags/dag_gcp_to_bigquery.py took 0.129 seconds
[2025-03-23T15:26:27.024-0500] {processor.py:186} INFO - Started process (PID=25503) to work on /home/luis/Proyectos/PrecioDeDepartamentos/Alquiler-deparamentos-en-lima/An-lisis-del-alquiler-de-departamentos-en-Lima/Pipeline/AirflowPipeline/dags/dag_gcp_to_bigquery.py
[2025-03-23T15:26:27.027-0500] {processor.py:914} INFO - Processing file /home/luis/Proyectos/PrecioDeDepartamentos/Alquiler-deparamentos-en-lima/An-lisis-del-alquiler-de-departamentos-en-Lima/Pipeline/AirflowPipeline/dags/dag_gcp_to_bigquery.py for tasks to queue
[2025-03-23T15:26:27.032-0500] {logging_mixin.py:190} INFO - [2025-03-23T15:26:27.031-0500] {dagbag.py:588} INFO - Filling up the DagBag from /home/luis/Proyectos/PrecioDeDepartamentos/Alquiler-deparamentos-en-lima/An-lisis-del-alquiler-de-departamentos-en-Lima/Pipeline/AirflowPipeline/dags/dag_gcp_to_bigquery.py
[2025-03-23T15:26:27.051-0500] {processor.py:925} INFO - DAG(s) 'gcp_to_bigquery' retrieved from /home/luis/Proyectos/PrecioDeDepartamentos/Alquiler-deparamentos-en-lima/An-lisis-del-alquiler-de-departamentos-en-Lima/Pipeline/AirflowPipeline/dags/dag_gcp_to_bigquery.py
[2025-03-23T15:26:27.075-0500] {logging_mixin.py:190} INFO - [2025-03-23T15:26:27.074-0500] {dag.py:3239} INFO - Sync 1 DAGs
[2025-03-23T15:26:27.096-0500] {logging_mixin.py:190} INFO - [2025-03-23T15:26:27.095-0500] {dag.py:4180} INFO - Setting next_dagrun for gcp_to_bigquery to None, run_after=None
[2025-03-23T15:26:27.149-0500] {processor.py:208} INFO - Processing /home/luis/Proyectos/PrecioDeDepartamentos/Alquiler-deparamentos-en-lima/An-lisis-del-alquiler-de-departamentos-en-Lima/Pipeline/AirflowPipeline/dags/dag_gcp_to_bigquery.py took 0.141 seconds
[2025-03-23T15:26:57.608-0500] {processor.py:186} INFO - Started process (PID=28640) to work on /home/luis/Proyectos/PrecioDeDepartamentos/Alquiler-deparamentos-en-lima/An-lisis-del-alquiler-de-departamentos-en-Lima/Pipeline/AirflowPipeline/dags/dag_gcp_to_bigquery.py
[2025-03-23T15:26:57.608-0500] {processor.py:914} INFO - Processing file /home/luis/Proyectos/PrecioDeDepartamentos/Alquiler-deparamentos-en-lima/An-lisis-del-alquiler-de-departamentos-en-Lima/Pipeline/AirflowPipeline/dags/dag_gcp_to_bigquery.py for tasks to queue
[2025-03-23T15:26:57.610-0500] {logging_mixin.py:190} INFO - [2025-03-23T15:26:57.610-0500] {dagbag.py:588} INFO - Filling up the DagBag from /home/luis/Proyectos/PrecioDeDepartamentos/Alquiler-deparamentos-en-lima/An-lisis-del-alquiler-de-departamentos-en-Lima/Pipeline/AirflowPipeline/dags/dag_gcp_to_bigquery.py
[2025-03-23T15:26:57.619-0500] {processor.py:925} INFO - DAG(s) 'gcp_to_bigquery' retrieved from /home/luis/Proyectos/PrecioDeDepartamentos/Alquiler-deparamentos-en-lima/An-lisis-del-alquiler-de-departamentos-en-Lima/Pipeline/AirflowPipeline/dags/dag_gcp_to_bigquery.py
[2025-03-23T15:26:57.631-0500] {logging_mixin.py:190} INFO - [2025-03-23T15:26:57.631-0500] {dag.py:3239} INFO - Sync 1 DAGs
[2025-03-23T15:26:57.643-0500] {logging_mixin.py:190} INFO - [2025-03-23T15:26:57.643-0500] {dag.py:4180} INFO - Setting next_dagrun for gcp_to_bigquery to None, run_after=None
[2025-03-23T15:26:57.671-0500] {processor.py:208} INFO - Processing /home/luis/Proyectos/PrecioDeDepartamentos/Alquiler-deparamentos-en-lima/An-lisis-del-alquiler-de-departamentos-en-Lima/Pipeline/AirflowPipeline/dags/dag_gcp_to_bigquery.py took 0.071 seconds
[2025-03-23T15:27:28.190-0500] {processor.py:186} INFO - Started process (PID=29125) to work on /home/luis/Proyectos/PrecioDeDepartamentos/Alquiler-deparamentos-en-lima/An-lisis-del-alquiler-de-departamentos-en-Lima/Pipeline/AirflowPipeline/dags/dag_gcp_to_bigquery.py
[2025-03-23T15:27:28.190-0500] {processor.py:914} INFO - Processing file /home/luis/Proyectos/PrecioDeDepartamentos/Alquiler-deparamentos-en-lima/An-lisis-del-alquiler-de-departamentos-en-Lima/Pipeline/AirflowPipeline/dags/dag_gcp_to_bigquery.py for tasks to queue
[2025-03-23T15:27:28.192-0500] {logging_mixin.py:190} INFO - [2025-03-23T15:27:28.192-0500] {dagbag.py:588} INFO - Filling up the DagBag from /home/luis/Proyectos/PrecioDeDepartamentos/Alquiler-deparamentos-en-lima/An-lisis-del-alquiler-de-departamentos-en-Lima/Pipeline/AirflowPipeline/dags/dag_gcp_to_bigquery.py
[2025-03-23T15:27:28.199-0500] {processor.py:925} INFO - DAG(s) 'gcp_to_bigquery' retrieved from /home/luis/Proyectos/PrecioDeDepartamentos/Alquiler-deparamentos-en-lima/An-lisis-del-alquiler-de-departamentos-en-Lima/Pipeline/AirflowPipeline/dags/dag_gcp_to_bigquery.py
[2025-03-23T15:27:28.210-0500] {logging_mixin.py:190} INFO - [2025-03-23T15:27:28.209-0500] {dag.py:3239} INFO - Sync 1 DAGs
[2025-03-23T15:27:28.218-0500] {logging_mixin.py:190} INFO - [2025-03-23T15:27:28.218-0500] {dag.py:4180} INFO - Setting next_dagrun for gcp_to_bigquery to None, run_after=None
[2025-03-23T15:27:28.250-0500] {processor.py:208} INFO - Processing /home/luis/Proyectos/PrecioDeDepartamentos/Alquiler-deparamentos-en-lima/An-lisis-del-alquiler-de-departamentos-en-Lima/Pipeline/AirflowPipeline/dags/dag_gcp_to_bigquery.py took 0.067 seconds
[2025-03-23T15:27:58.335-0500] {processor.py:186} INFO - Started process (PID=29662) to work on /home/luis/Proyectos/PrecioDeDepartamentos/Alquiler-deparamentos-en-lima/An-lisis-del-alquiler-de-departamentos-en-Lima/Pipeline/AirflowPipeline/dags/dag_gcp_to_bigquery.py
[2025-03-23T15:27:58.335-0500] {processor.py:914} INFO - Processing file /home/luis/Proyectos/PrecioDeDepartamentos/Alquiler-deparamentos-en-lima/An-lisis-del-alquiler-de-departamentos-en-Lima/Pipeline/AirflowPipeline/dags/dag_gcp_to_bigquery.py for tasks to queue
[2025-03-23T15:27:58.337-0500] {logging_mixin.py:190} INFO - [2025-03-23T15:27:58.337-0500] {dagbag.py:588} INFO - Filling up the DagBag from /home/luis/Proyectos/PrecioDeDepartamentos/Alquiler-deparamentos-en-lima/An-lisis-del-alquiler-de-departamentos-en-Lima/Pipeline/AirflowPipeline/dags/dag_gcp_to_bigquery.py
[2025-03-23T15:27:58.345-0500] {processor.py:925} INFO - DAG(s) 'gcp_to_bigquery' retrieved from /home/luis/Proyectos/PrecioDeDepartamentos/Alquiler-deparamentos-en-lima/An-lisis-del-alquiler-de-departamentos-en-Lima/Pipeline/AirflowPipeline/dags/dag_gcp_to_bigquery.py
[2025-03-23T15:27:58.358-0500] {logging_mixin.py:190} INFO - [2025-03-23T15:27:58.357-0500] {dag.py:3239} INFO - Sync 1 DAGs
[2025-03-23T15:27:58.374-0500] {logging_mixin.py:190} INFO - [2025-03-23T15:27:58.373-0500] {dag.py:4180} INFO - Setting next_dagrun for gcp_to_bigquery to None, run_after=None
[2025-03-23T15:27:58.514-0500] {processor.py:208} INFO - Processing /home/luis/Proyectos/PrecioDeDepartamentos/Alquiler-deparamentos-en-lima/An-lisis-del-alquiler-de-departamentos-en-Lima/Pipeline/AirflowPipeline/dags/dag_gcp_to_bigquery.py took 0.186 seconds
[2025-03-23T15:28:29.511-0500] {processor.py:186} INFO - Started process (PID=29791) to work on /home/luis/Proyectos/PrecioDeDepartamentos/Alquiler-deparamentos-en-lima/An-lisis-del-alquiler-de-departamentos-en-Lima/Pipeline/AirflowPipeline/dags/dag_gcp_to_bigquery.py
[2025-03-23T15:28:29.519-0500] {processor.py:914} INFO - Processing file /home/luis/Proyectos/PrecioDeDepartamentos/Alquiler-deparamentos-en-lima/An-lisis-del-alquiler-de-departamentos-en-Lima/Pipeline/AirflowPipeline/dags/dag_gcp_to_bigquery.py for tasks to queue
[2025-03-23T15:28:29.521-0500] {logging_mixin.py:190} INFO - [2025-03-23T15:28:29.520-0500] {dagbag.py:588} INFO - Filling up the DagBag from /home/luis/Proyectos/PrecioDeDepartamentos/Alquiler-deparamentos-en-lima/An-lisis-del-alquiler-de-departamentos-en-Lima/Pipeline/AirflowPipeline/dags/dag_gcp_to_bigquery.py
[2025-03-23T15:28:29.528-0500] {processor.py:925} INFO - DAG(s) 'gcp_to_bigquery' retrieved from /home/luis/Proyectos/PrecioDeDepartamentos/Alquiler-deparamentos-en-lima/An-lisis-del-alquiler-de-departamentos-en-Lima/Pipeline/AirflowPipeline/dags/dag_gcp_to_bigquery.py
[2025-03-23T15:28:29.538-0500] {logging_mixin.py:190} INFO - [2025-03-23T15:28:29.538-0500] {dag.py:3239} INFO - Sync 1 DAGs
[2025-03-23T15:28:29.633-0500] {logging_mixin.py:190} INFO - [2025-03-23T15:28:29.633-0500] {dag.py:4180} INFO - Setting next_dagrun for gcp_to_bigquery to None, run_after=None
[2025-03-23T15:28:29.669-0500] {processor.py:208} INFO - Processing /home/luis/Proyectos/PrecioDeDepartamentos/Alquiler-deparamentos-en-lima/An-lisis-del-alquiler-de-departamentos-en-Lima/Pipeline/AirflowPipeline/dags/dag_gcp_to_bigquery.py took 0.164 seconds
[2025-03-23T15:29:00.709-0500] {processor.py:186} INFO - Started process (PID=30321) to work on /home/luis/Proyectos/PrecioDeDepartamentos/Alquiler-deparamentos-en-lima/An-lisis-del-alquiler-de-departamentos-en-Lima/Pipeline/AirflowPipeline/dags/dag_gcp_to_bigquery.py
[2025-03-23T15:29:00.710-0500] {processor.py:914} INFO - Processing file /home/luis/Proyectos/PrecioDeDepartamentos/Alquiler-deparamentos-en-lima/An-lisis-del-alquiler-de-departamentos-en-Lima/Pipeline/AirflowPipeline/dags/dag_gcp_to_bigquery.py for tasks to queue
[2025-03-23T15:29:00.711-0500] {logging_mixin.py:190} INFO - [2025-03-23T15:29:00.711-0500] {dagbag.py:588} INFO - Filling up the DagBag from /home/luis/Proyectos/PrecioDeDepartamentos/Alquiler-deparamentos-en-lima/An-lisis-del-alquiler-de-departamentos-en-Lima/Pipeline/AirflowPipeline/dags/dag_gcp_to_bigquery.py
[2025-03-23T15:29:00.718-0500] {processor.py:925} INFO - DAG(s) 'gcp_to_bigquery' retrieved from /home/luis/Proyectos/PrecioDeDepartamentos/Alquiler-deparamentos-en-lima/An-lisis-del-alquiler-de-departamentos-en-Lima/Pipeline/AirflowPipeline/dags/dag_gcp_to_bigquery.py
[2025-03-23T15:29:00.728-0500] {logging_mixin.py:190} INFO - [2025-03-23T15:29:00.728-0500] {dag.py:3239} INFO - Sync 1 DAGs
[2025-03-23T15:29:00.737-0500] {logging_mixin.py:190} INFO - [2025-03-23T15:29:00.736-0500] {dag.py:4180} INFO - Setting next_dagrun for gcp_to_bigquery to None, run_after=None
[2025-03-23T15:29:00.754-0500] {processor.py:208} INFO - Processing /home/luis/Proyectos/PrecioDeDepartamentos/Alquiler-deparamentos-en-lima/An-lisis-del-alquiler-de-departamentos-en-Lima/Pipeline/AirflowPipeline/dags/dag_gcp_to_bigquery.py took 0.051 seconds
[2025-03-23T15:29:30.854-0500] {processor.py:186} INFO - Started process (PID=30426) to work on /home/luis/Proyectos/PrecioDeDepartamentos/Alquiler-deparamentos-en-lima/An-lisis-del-alquiler-de-departamentos-en-Lima/Pipeline/AirflowPipeline/dags/dag_gcp_to_bigquery.py
[2025-03-23T15:29:30.862-0500] {processor.py:914} INFO - Processing file /home/luis/Proyectos/PrecioDeDepartamentos/Alquiler-deparamentos-en-lima/An-lisis-del-alquiler-de-departamentos-en-Lima/Pipeline/AirflowPipeline/dags/dag_gcp_to_bigquery.py for tasks to queue
[2025-03-23T15:29:30.863-0500] {logging_mixin.py:190} INFO - [2025-03-23T15:29:30.863-0500] {dagbag.py:588} INFO - Filling up the DagBag from /home/luis/Proyectos/PrecioDeDepartamentos/Alquiler-deparamentos-en-lima/An-lisis-del-alquiler-de-departamentos-en-Lima/Pipeline/AirflowPipeline/dags/dag_gcp_to_bigquery.py
[2025-03-23T15:29:30.870-0500] {processor.py:925} INFO - DAG(s) 'gcp_to_bigquery' retrieved from /home/luis/Proyectos/PrecioDeDepartamentos/Alquiler-deparamentos-en-lima/An-lisis-del-alquiler-de-departamentos-en-Lima/Pipeline/AirflowPipeline/dags/dag_gcp_to_bigquery.py
[2025-03-23T15:29:30.880-0500] {logging_mixin.py:190} INFO - [2025-03-23T15:29:30.880-0500] {dag.py:3239} INFO - Sync 1 DAGs
[2025-03-23T15:29:30.889-0500] {logging_mixin.py:190} INFO - [2025-03-23T15:29:30.888-0500] {dag.py:4180} INFO - Setting next_dagrun for gcp_to_bigquery to None, run_after=None
[2025-03-23T15:29:30.910-0500] {processor.py:208} INFO - Processing /home/luis/Proyectos/PrecioDeDepartamentos/Alquiler-deparamentos-en-lima/An-lisis-del-alquiler-de-departamentos-en-Lima/Pipeline/AirflowPipeline/dags/dag_gcp_to_bigquery.py took 0.062 seconds
[2025-03-23T15:30:01.004-0500] {processor.py:186} INFO - Started process (PID=39720) to work on /home/luis/Proyectos/PrecioDeDepartamentos/Alquiler-deparamentos-en-lima/An-lisis-del-alquiler-de-departamentos-en-Lima/Pipeline/AirflowPipeline/dags/dag_gcp_to_bigquery.py
[2025-03-23T15:30:01.005-0500] {processor.py:914} INFO - Processing file /home/luis/Proyectos/PrecioDeDepartamentos/Alquiler-deparamentos-en-lima/An-lisis-del-alquiler-de-departamentos-en-Lima/Pipeline/AirflowPipeline/dags/dag_gcp_to_bigquery.py for tasks to queue
[2025-03-23T15:30:01.006-0500] {logging_mixin.py:190} INFO - [2025-03-23T15:30:01.006-0500] {dagbag.py:588} INFO - Filling up the DagBag from /home/luis/Proyectos/PrecioDeDepartamentos/Alquiler-deparamentos-en-lima/An-lisis-del-alquiler-de-departamentos-en-Lima/Pipeline/AirflowPipeline/dags/dag_gcp_to_bigquery.py
[2025-03-23T15:30:01.014-0500] {processor.py:925} INFO - DAG(s) 'gcp_to_bigquery' retrieved from /home/luis/Proyectos/PrecioDeDepartamentos/Alquiler-deparamentos-en-lima/An-lisis-del-alquiler-de-departamentos-en-Lima/Pipeline/AirflowPipeline/dags/dag_gcp_to_bigquery.py
[2025-03-23T15:30:01.025-0500] {logging_mixin.py:190} INFO - [2025-03-23T15:30:01.025-0500] {dag.py:3239} INFO - Sync 1 DAGs
[2025-03-23T15:30:01.034-0500] {logging_mixin.py:190} INFO - [2025-03-23T15:30:01.034-0500] {dag.py:4180} INFO - Setting next_dagrun for gcp_to_bigquery to None, run_after=None
[2025-03-23T15:30:01.055-0500] {processor.py:208} INFO - Processing /home/luis/Proyectos/PrecioDeDepartamentos/Alquiler-deparamentos-en-lima/An-lisis-del-alquiler-de-departamentos-en-Lima/Pipeline/AirflowPipeline/dags/dag_gcp_to_bigquery.py took 0.057 seconds
[2025-03-23T15:30:32.301-0500] {processor.py:186} INFO - Started process (PID=39821) to work on /home/luis/Proyectos/PrecioDeDepartamentos/Alquiler-deparamentos-en-lima/An-lisis-del-alquiler-de-departamentos-en-Lima/Pipeline/AirflowPipeline/dags/dag_gcp_to_bigquery.py
[2025-03-23T15:30:32.302-0500] {processor.py:914} INFO - Processing file /home/luis/Proyectos/PrecioDeDepartamentos/Alquiler-deparamentos-en-lima/An-lisis-del-alquiler-de-departamentos-en-Lima/Pipeline/AirflowPipeline/dags/dag_gcp_to_bigquery.py for tasks to queue
[2025-03-23T15:30:32.303-0500] {logging_mixin.py:190} INFO - [2025-03-23T15:30:32.303-0500] {dagbag.py:588} INFO - Filling up the DagBag from /home/luis/Proyectos/PrecioDeDepartamentos/Alquiler-deparamentos-en-lima/An-lisis-del-alquiler-de-departamentos-en-Lima/Pipeline/AirflowPipeline/dags/dag_gcp_to_bigquery.py
[2025-03-23T15:30:32.310-0500] {processor.py:925} INFO - DAG(s) 'gcp_to_bigquery' retrieved from /home/luis/Proyectos/PrecioDeDepartamentos/Alquiler-deparamentos-en-lima/An-lisis-del-alquiler-de-departamentos-en-Lima/Pipeline/AirflowPipeline/dags/dag_gcp_to_bigquery.py
[2025-03-23T15:30:32.322-0500] {logging_mixin.py:190} INFO - [2025-03-23T15:30:32.321-0500] {dag.py:3239} INFO - Sync 1 DAGs
[2025-03-23T15:30:32.334-0500] {logging_mixin.py:190} INFO - [2025-03-23T15:30:32.334-0500] {dag.py:4180} INFO - Setting next_dagrun for gcp_to_bigquery to None, run_after=None
[2025-03-23T15:30:32.459-0500] {processor.py:208} INFO - Processing /home/luis/Proyectos/PrecioDeDepartamentos/Alquiler-deparamentos-en-lima/An-lisis-del-alquiler-de-departamentos-en-Lima/Pipeline/AirflowPipeline/dags/dag_gcp_to_bigquery.py took 0.165 seconds
[2025-03-23T15:31:03.474-0500] {processor.py:186} INFO - Started process (PID=39885) to work on /home/luis/Proyectos/PrecioDeDepartamentos/Alquiler-deparamentos-en-lima/An-lisis-del-alquiler-de-departamentos-en-Lima/Pipeline/AirflowPipeline/dags/dag_gcp_to_bigquery.py
[2025-03-23T15:31:03.482-0500] {processor.py:914} INFO - Processing file /home/luis/Proyectos/PrecioDeDepartamentos/Alquiler-deparamentos-en-lima/An-lisis-del-alquiler-de-departamentos-en-Lima/Pipeline/AirflowPipeline/dags/dag_gcp_to_bigquery.py for tasks to queue
[2025-03-23T15:31:03.484-0500] {logging_mixin.py:190} INFO - [2025-03-23T15:31:03.484-0500] {dagbag.py:588} INFO - Filling up the DagBag from /home/luis/Proyectos/PrecioDeDepartamentos/Alquiler-deparamentos-en-lima/An-lisis-del-alquiler-de-departamentos-en-Lima/Pipeline/AirflowPipeline/dags/dag_gcp_to_bigquery.py
[2025-03-23T15:31:03.492-0500] {processor.py:925} INFO - DAG(s) 'gcp_to_bigquery' retrieved from /home/luis/Proyectos/PrecioDeDepartamentos/Alquiler-deparamentos-en-lima/An-lisis-del-alquiler-de-departamentos-en-Lima/Pipeline/AirflowPipeline/dags/dag_gcp_to_bigquery.py
[2025-03-23T15:31:03.506-0500] {logging_mixin.py:190} INFO - [2025-03-23T15:31:03.505-0500] {dag.py:3239} INFO - Sync 1 DAGs
[2025-03-23T15:31:03.608-0500] {logging_mixin.py:190} INFO - [2025-03-23T15:31:03.608-0500] {dag.py:4180} INFO - Setting next_dagrun for gcp_to_bigquery to None, run_after=None
[2025-03-23T15:31:03.640-0500] {processor.py:208} INFO - Processing /home/luis/Proyectos/PrecioDeDepartamentos/Alquiler-deparamentos-en-lima/An-lisis-del-alquiler-de-departamentos-en-Lima/Pipeline/AirflowPipeline/dags/dag_gcp_to_bigquery.py took 0.173 seconds
[2025-03-23T15:31:34.763-0500] {processor.py:186} INFO - Started process (PID=39988) to work on /home/luis/Proyectos/PrecioDeDepartamentos/Alquiler-deparamentos-en-lima/An-lisis-del-alquiler-de-departamentos-en-Lima/Pipeline/AirflowPipeline/dags/dag_gcp_to_bigquery.py
[2025-03-23T15:31:34.771-0500] {processor.py:914} INFO - Processing file /home/luis/Proyectos/PrecioDeDepartamentos/Alquiler-deparamentos-en-lima/An-lisis-del-alquiler-de-departamentos-en-Lima/Pipeline/AirflowPipeline/dags/dag_gcp_to_bigquery.py for tasks to queue
[2025-03-23T15:31:34.773-0500] {logging_mixin.py:190} INFO - [2025-03-23T15:31:34.772-0500] {dagbag.py:588} INFO - Filling up the DagBag from /home/luis/Proyectos/PrecioDeDepartamentos/Alquiler-deparamentos-en-lima/An-lisis-del-alquiler-de-departamentos-en-Lima/Pipeline/AirflowPipeline/dags/dag_gcp_to_bigquery.py
[2025-03-23T15:31:34.783-0500] {processor.py:925} INFO - DAG(s) 'gcp_to_bigquery' retrieved from /home/luis/Proyectos/PrecioDeDepartamentos/Alquiler-deparamentos-en-lima/An-lisis-del-alquiler-de-departamentos-en-Lima/Pipeline/AirflowPipeline/dags/dag_gcp_to_bigquery.py
[2025-03-23T15:31:34.798-0500] {logging_mixin.py:190} INFO - [2025-03-23T15:31:34.797-0500] {dag.py:3239} INFO - Sync 1 DAGs
[2025-03-23T15:31:34.917-0500] {logging_mixin.py:190} INFO - [2025-03-23T15:31:34.917-0500] {dag.py:4180} INFO - Setting next_dagrun for gcp_to_bigquery to None, run_after=None
[2025-03-23T15:31:34.946-0500] {processor.py:208} INFO - Processing /home/luis/Proyectos/PrecioDeDepartamentos/Alquiler-deparamentos-en-lima/An-lisis-del-alquiler-de-departamentos-en-Lima/Pipeline/AirflowPipeline/dags/dag_gcp_to_bigquery.py took 0.192 seconds
[2025-03-23T15:32:05.936-0500] {processor.py:186} INFO - Started process (PID=40036) to work on /home/luis/Proyectos/PrecioDeDepartamentos/Alquiler-deparamentos-en-lima/An-lisis-del-alquiler-de-departamentos-en-Lima/Pipeline/AirflowPipeline/dags/dag_gcp_to_bigquery.py
[2025-03-23T15:32:05.937-0500] {processor.py:914} INFO - Processing file /home/luis/Proyectos/PrecioDeDepartamentos/Alquiler-deparamentos-en-lima/An-lisis-del-alquiler-de-departamentos-en-Lima/Pipeline/AirflowPipeline/dags/dag_gcp_to_bigquery.py for tasks to queue
[2025-03-23T15:32:05.938-0500] {logging_mixin.py:190} INFO - [2025-03-23T15:32:05.938-0500] {dagbag.py:588} INFO - Filling up the DagBag from /home/luis/Proyectos/PrecioDeDepartamentos/Alquiler-deparamentos-en-lima/An-lisis-del-alquiler-de-departamentos-en-Lima/Pipeline/AirflowPipeline/dags/dag_gcp_to_bigquery.py
[2025-03-23T15:32:05.945-0500] {processor.py:925} INFO - DAG(s) 'gcp_to_bigquery' retrieved from /home/luis/Proyectos/PrecioDeDepartamentos/Alquiler-deparamentos-en-lima/An-lisis-del-alquiler-de-departamentos-en-Lima/Pipeline/AirflowPipeline/dags/dag_gcp_to_bigquery.py
[2025-03-23T15:32:05.956-0500] {logging_mixin.py:190} INFO - [2025-03-23T15:32:05.955-0500] {dag.py:3239} INFO - Sync 1 DAGs
[2025-03-23T15:32:05.964-0500] {logging_mixin.py:190} INFO - [2025-03-23T15:32:05.964-0500] {dag.py:4180} INFO - Setting next_dagrun for gcp_to_bigquery to None, run_after=None
[2025-03-23T15:32:05.991-0500] {processor.py:208} INFO - Processing /home/luis/Proyectos/PrecioDeDepartamentos/Alquiler-deparamentos-en-lima/An-lisis-del-alquiler-de-departamentos-en-Lima/Pipeline/AirflowPipeline/dags/dag_gcp_to_bigquery.py took 0.061 seconds
[2025-03-23T15:32:37.119-0500] {processor.py:186} INFO - Started process (PID=40082) to work on /home/luis/Proyectos/PrecioDeDepartamentos/Alquiler-deparamentos-en-lima/An-lisis-del-alquiler-de-departamentos-en-Lima/Pipeline/AirflowPipeline/dags/dag_gcp_to_bigquery.py
[2025-03-23T15:32:37.127-0500] {processor.py:914} INFO - Processing file /home/luis/Proyectos/PrecioDeDepartamentos/Alquiler-deparamentos-en-lima/An-lisis-del-alquiler-de-departamentos-en-Lima/Pipeline/AirflowPipeline/dags/dag_gcp_to_bigquery.py for tasks to queue
[2025-03-23T15:32:37.129-0500] {logging_mixin.py:190} INFO - [2025-03-23T15:32:37.129-0500] {dagbag.py:588} INFO - Filling up the DagBag from /home/luis/Proyectos/PrecioDeDepartamentos/Alquiler-deparamentos-en-lima/An-lisis-del-alquiler-de-departamentos-en-Lima/Pipeline/AirflowPipeline/dags/dag_gcp_to_bigquery.py
[2025-03-23T15:32:37.140-0500] {processor.py:925} INFO - DAG(s) 'gcp_to_bigquery' retrieved from /home/luis/Proyectos/PrecioDeDepartamentos/Alquiler-deparamentos-en-lima/An-lisis-del-alquiler-de-departamentos-en-Lima/Pipeline/AirflowPipeline/dags/dag_gcp_to_bigquery.py
[2025-03-23T15:32:37.155-0500] {logging_mixin.py:190} INFO - [2025-03-23T15:32:37.155-0500] {dag.py:3239} INFO - Sync 1 DAGs
[2025-03-23T15:32:37.168-0500] {logging_mixin.py:190} INFO - [2025-03-23T15:32:37.168-0500] {dag.py:4180} INFO - Setting next_dagrun for gcp_to_bigquery to None, run_after=None
[2025-03-23T15:32:37.192-0500] {processor.py:208} INFO - Processing /home/luis/Proyectos/PrecioDeDepartamentos/Alquiler-deparamentos-en-lima/An-lisis-del-alquiler-de-departamentos-en-Lima/Pipeline/AirflowPipeline/dags/dag_gcp_to_bigquery.py took 0.082 seconds
[2025-03-23T15:33:08.395-0500] {processor.py:186} INFO - Started process (PID=40245) to work on /home/luis/Proyectos/PrecioDeDepartamentos/Alquiler-deparamentos-en-lima/An-lisis-del-alquiler-de-departamentos-en-Lima/Pipeline/AirflowPipeline/dags/dag_gcp_to_bigquery.py
[2025-03-23T15:33:08.396-0500] {processor.py:914} INFO - Processing file /home/luis/Proyectos/PrecioDeDepartamentos/Alquiler-deparamentos-en-lima/An-lisis-del-alquiler-de-departamentos-en-Lima/Pipeline/AirflowPipeline/dags/dag_gcp_to_bigquery.py for tasks to queue
[2025-03-23T15:33:08.398-0500] {logging_mixin.py:190} INFO - [2025-03-23T15:33:08.398-0500] {dagbag.py:588} INFO - Filling up the DagBag from /home/luis/Proyectos/PrecioDeDepartamentos/Alquiler-deparamentos-en-lima/An-lisis-del-alquiler-de-departamentos-en-Lima/Pipeline/AirflowPipeline/dags/dag_gcp_to_bigquery.py
[2025-03-23T15:33:08.410-0500] {processor.py:925} INFO - DAG(s) 'gcp_to_bigquery' retrieved from /home/luis/Proyectos/PrecioDeDepartamentos/Alquiler-deparamentos-en-lima/An-lisis-del-alquiler-de-departamentos-en-Lima/Pipeline/AirflowPipeline/dags/dag_gcp_to_bigquery.py
[2025-03-23T15:33:08.424-0500] {logging_mixin.py:190} INFO - [2025-03-23T15:33:08.424-0500] {dag.py:3239} INFO - Sync 1 DAGs
[2025-03-23T15:33:08.434-0500] {logging_mixin.py:190} INFO - [2025-03-23T15:33:08.434-0500] {dag.py:4180} INFO - Setting next_dagrun for gcp_to_bigquery to None, run_after=None
[2025-03-23T15:33:08.463-0500] {processor.py:208} INFO - Processing /home/luis/Proyectos/PrecioDeDepartamentos/Alquiler-deparamentos-en-lima/An-lisis-del-alquiler-de-departamentos-en-Lima/Pipeline/AirflowPipeline/dags/dag_gcp_to_bigquery.py took 0.076 seconds
[2025-03-23T15:33:40.106-0500] {processor.py:186} INFO - Started process (PID=40523) to work on /home/luis/Proyectos/PrecioDeDepartamentos/Alquiler-deparamentos-en-lima/An-lisis-del-alquiler-de-departamentos-en-Lima/Pipeline/AirflowPipeline/dags/dag_gcp_to_bigquery.py
[2025-03-23T15:33:40.107-0500] {processor.py:914} INFO - Processing file /home/luis/Proyectos/PrecioDeDepartamentos/Alquiler-deparamentos-en-lima/An-lisis-del-alquiler-de-departamentos-en-Lima/Pipeline/AirflowPipeline/dags/dag_gcp_to_bigquery.py for tasks to queue
[2025-03-23T15:33:40.108-0500] {logging_mixin.py:190} INFO - [2025-03-23T15:33:40.108-0500] {dagbag.py:588} INFO - Filling up the DagBag from /home/luis/Proyectos/PrecioDeDepartamentos/Alquiler-deparamentos-en-lima/An-lisis-del-alquiler-de-departamentos-en-Lima/Pipeline/AirflowPipeline/dags/dag_gcp_to_bigquery.py
[2025-03-23T15:33:40.117-0500] {processor.py:925} INFO - DAG(s) 'gcp_to_bigquery' retrieved from /home/luis/Proyectos/PrecioDeDepartamentos/Alquiler-deparamentos-en-lima/An-lisis-del-alquiler-de-departamentos-en-Lima/Pipeline/AirflowPipeline/dags/dag_gcp_to_bigquery.py
[2025-03-23T15:33:40.129-0500] {logging_mixin.py:190} INFO - [2025-03-23T15:33:40.129-0500] {dag.py:3239} INFO - Sync 1 DAGs
[2025-03-23T15:33:40.139-0500] {logging_mixin.py:190} INFO - [2025-03-23T15:33:40.138-0500] {dag.py:4180} INFO - Setting next_dagrun for gcp_to_bigquery to None, run_after=None
[2025-03-23T15:33:40.260-0500] {processor.py:208} INFO - Processing /home/luis/Proyectos/PrecioDeDepartamentos/Alquiler-deparamentos-en-lima/An-lisis-del-alquiler-de-departamentos-en-Lima/Pipeline/AirflowPipeline/dags/dag_gcp_to_bigquery.py took 0.161 seconds
[2025-03-23T15:34:11.376-0500] {processor.py:186} INFO - Started process (PID=40621) to work on /home/luis/Proyectos/PrecioDeDepartamentos/Alquiler-deparamentos-en-lima/An-lisis-del-alquiler-de-departamentos-en-Lima/Pipeline/AirflowPipeline/dags/dag_gcp_to_bigquery.py
[2025-03-23T15:34:11.377-0500] {processor.py:914} INFO - Processing file /home/luis/Proyectos/PrecioDeDepartamentos/Alquiler-deparamentos-en-lima/An-lisis-del-alquiler-de-departamentos-en-Lima/Pipeline/AirflowPipeline/dags/dag_gcp_to_bigquery.py for tasks to queue
[2025-03-23T15:34:11.378-0500] {logging_mixin.py:190} INFO - [2025-03-23T15:34:11.378-0500] {dagbag.py:588} INFO - Filling up the DagBag from /home/luis/Proyectos/PrecioDeDepartamentos/Alquiler-deparamentos-en-lima/An-lisis-del-alquiler-de-departamentos-en-Lima/Pipeline/AirflowPipeline/dags/dag_gcp_to_bigquery.py
[2025-03-23T15:34:11.386-0500] {processor.py:925} INFO - DAG(s) 'gcp_to_bigquery' retrieved from /home/luis/Proyectos/PrecioDeDepartamentos/Alquiler-deparamentos-en-lima/An-lisis-del-alquiler-de-departamentos-en-Lima/Pipeline/AirflowPipeline/dags/dag_gcp_to_bigquery.py
[2025-03-23T15:34:11.398-0500] {logging_mixin.py:190} INFO - [2025-03-23T15:34:11.398-0500] {dag.py:3239} INFO - Sync 1 DAGs
[2025-03-23T15:34:11.523-0500] {logging_mixin.py:190} INFO - [2025-03-23T15:34:11.523-0500] {dag.py:4180} INFO - Setting next_dagrun for gcp_to_bigquery to None, run_after=None
[2025-03-23T15:34:11.556-0500] {processor.py:208} INFO - Processing /home/luis/Proyectos/PrecioDeDepartamentos/Alquiler-deparamentos-en-lima/An-lisis-del-alquiler-de-departamentos-en-Lima/Pipeline/AirflowPipeline/dags/dag_gcp_to_bigquery.py took 0.187 seconds
[2025-03-23T15:34:42.759-0500] {processor.py:186} INFO - Started process (PID=40801) to work on /home/luis/Proyectos/PrecioDeDepartamentos/Alquiler-deparamentos-en-lima/An-lisis-del-alquiler-de-departamentos-en-Lima/Pipeline/AirflowPipeline/dags/dag_gcp_to_bigquery.py
[2025-03-23T15:34:42.767-0500] {processor.py:914} INFO - Processing file /home/luis/Proyectos/PrecioDeDepartamentos/Alquiler-deparamentos-en-lima/An-lisis-del-alquiler-de-departamentos-en-Lima/Pipeline/AirflowPipeline/dags/dag_gcp_to_bigquery.py for tasks to queue
[2025-03-23T15:34:42.769-0500] {logging_mixin.py:190} INFO - [2025-03-23T15:34:42.769-0500] {dagbag.py:588} INFO - Filling up the DagBag from /home/luis/Proyectos/PrecioDeDepartamentos/Alquiler-deparamentos-en-lima/An-lisis-del-alquiler-de-departamentos-en-Lima/Pipeline/AirflowPipeline/dags/dag_gcp_to_bigquery.py
[2025-03-23T15:34:42.776-0500] {processor.py:925} INFO - DAG(s) 'gcp_to_bigquery' retrieved from /home/luis/Proyectos/PrecioDeDepartamentos/Alquiler-deparamentos-en-lima/An-lisis-del-alquiler-de-departamentos-en-Lima/Pipeline/AirflowPipeline/dags/dag_gcp_to_bigquery.py
[2025-03-23T15:34:42.787-0500] {logging_mixin.py:190} INFO - [2025-03-23T15:34:42.786-0500] {dag.py:3239} INFO - Sync 1 DAGs
[2025-03-23T15:34:42.882-0500] {logging_mixin.py:190} INFO - [2025-03-23T15:34:42.882-0500] {dag.py:4180} INFO - Setting next_dagrun for gcp_to_bigquery to None, run_after=None
[2025-03-23T15:34:42.918-0500] {processor.py:208} INFO - Processing /home/luis/Proyectos/PrecioDeDepartamentos/Alquiler-deparamentos-en-lima/An-lisis-del-alquiler-de-departamentos-en-Lima/Pipeline/AirflowPipeline/dags/dag_gcp_to_bigquery.py took 0.164 seconds
[2025-03-23T15:35:13.931-0500] {processor.py:186} INFO - Started process (PID=40859) to work on /home/luis/Proyectos/PrecioDeDepartamentos/Alquiler-deparamentos-en-lima/An-lisis-del-alquiler-de-departamentos-en-Lima/Pipeline/AirflowPipeline/dags/dag_gcp_to_bigquery.py
[2025-03-23T15:35:13.939-0500] {processor.py:914} INFO - Processing file /home/luis/Proyectos/PrecioDeDepartamentos/Alquiler-deparamentos-en-lima/An-lisis-del-alquiler-de-departamentos-en-Lima/Pipeline/AirflowPipeline/dags/dag_gcp_to_bigquery.py for tasks to queue
[2025-03-23T15:35:13.941-0500] {logging_mixin.py:190} INFO - [2025-03-23T15:35:13.941-0500] {dagbag.py:588} INFO - Filling up the DagBag from /home/luis/Proyectos/PrecioDeDepartamentos/Alquiler-deparamentos-en-lima/An-lisis-del-alquiler-de-departamentos-en-Lima/Pipeline/AirflowPipeline/dags/dag_gcp_to_bigquery.py
[2025-03-23T15:35:13.953-0500] {processor.py:925} INFO - DAG(s) 'gcp_to_bigquery' retrieved from /home/luis/Proyectos/PrecioDeDepartamentos/Alquiler-deparamentos-en-lima/An-lisis-del-alquiler-de-departamentos-en-Lima/Pipeline/AirflowPipeline/dags/dag_gcp_to_bigquery.py
[2025-03-23T15:35:13.968-0500] {logging_mixin.py:190} INFO - [2025-03-23T15:35:13.968-0500] {dag.py:3239} INFO - Sync 1 DAGs
[2025-03-23T15:35:13.978-0500] {logging_mixin.py:190} INFO - [2025-03-23T15:35:13.978-0500] {dag.py:4180} INFO - Setting next_dagrun for gcp_to_bigquery to None, run_after=None
[2025-03-23T15:35:14.005-0500] {processor.py:208} INFO - Processing /home/luis/Proyectos/PrecioDeDepartamentos/Alquiler-deparamentos-en-lima/An-lisis-del-alquiler-de-departamentos-en-Lima/Pipeline/AirflowPipeline/dags/dag_gcp_to_bigquery.py took 0.081 seconds
[2025-03-23T15:35:45.107-0500] {processor.py:186} INFO - Started process (PID=41001) to work on /home/luis/Proyectos/PrecioDeDepartamentos/Alquiler-deparamentos-en-lima/An-lisis-del-alquiler-de-departamentos-en-Lima/Pipeline/AirflowPipeline/dags/dag_gcp_to_bigquery.py
[2025-03-23T15:35:45.108-0500] {processor.py:914} INFO - Processing file /home/luis/Proyectos/PrecioDeDepartamentos/Alquiler-deparamentos-en-lima/An-lisis-del-alquiler-de-departamentos-en-Lima/Pipeline/AirflowPipeline/dags/dag_gcp_to_bigquery.py for tasks to queue
[2025-03-23T15:35:45.109-0500] {logging_mixin.py:190} INFO - [2025-03-23T15:35:45.109-0500] {dagbag.py:588} INFO - Filling up the DagBag from /home/luis/Proyectos/PrecioDeDepartamentos/Alquiler-deparamentos-en-lima/An-lisis-del-alquiler-de-departamentos-en-Lima/Pipeline/AirflowPipeline/dags/dag_gcp_to_bigquery.py
[2025-03-23T15:35:45.116-0500] {processor.py:925} INFO - DAG(s) 'gcp_to_bigquery' retrieved from /home/luis/Proyectos/PrecioDeDepartamentos/Alquiler-deparamentos-en-lima/An-lisis-del-alquiler-de-departamentos-en-Lima/Pipeline/AirflowPipeline/dags/dag_gcp_to_bigquery.py
[2025-03-23T15:35:45.126-0500] {logging_mixin.py:190} INFO - [2025-03-23T15:35:45.126-0500] {dag.py:3239} INFO - Sync 1 DAGs
[2025-03-23T15:35:45.135-0500] {logging_mixin.py:190} INFO - [2025-03-23T15:35:45.134-0500] {dag.py:4180} INFO - Setting next_dagrun for gcp_to_bigquery to None, run_after=None
[2025-03-23T15:35:45.154-0500] {processor.py:208} INFO - Processing /home/luis/Proyectos/PrecioDeDepartamentos/Alquiler-deparamentos-en-lima/An-lisis-del-alquiler-de-departamentos-en-Lima/Pipeline/AirflowPipeline/dags/dag_gcp_to_bigquery.py took 0.054 seconds
[2025-03-23T15:36:16.279-0500] {processor.py:186} INFO - Started process (PID=41138) to work on /home/luis/Proyectos/PrecioDeDepartamentos/Alquiler-deparamentos-en-lima/An-lisis-del-alquiler-de-departamentos-en-Lima/Pipeline/AirflowPipeline/dags/dag_gcp_to_bigquery.py
[2025-03-23T15:36:16.279-0500] {processor.py:914} INFO - Processing file /home/luis/Proyectos/PrecioDeDepartamentos/Alquiler-deparamentos-en-lima/An-lisis-del-alquiler-de-departamentos-en-Lima/Pipeline/AirflowPipeline/dags/dag_gcp_to_bigquery.py for tasks to queue
[2025-03-23T15:36:16.281-0500] {logging_mixin.py:190} INFO - [2025-03-23T15:36:16.281-0500] {dagbag.py:588} INFO - Filling up the DagBag from /home/luis/Proyectos/PrecioDeDepartamentos/Alquiler-deparamentos-en-lima/An-lisis-del-alquiler-de-departamentos-en-Lima/Pipeline/AirflowPipeline/dags/dag_gcp_to_bigquery.py
[2025-03-23T15:36:16.288-0500] {processor.py:925} INFO - DAG(s) 'gcp_to_bigquery' retrieved from /home/luis/Proyectos/PrecioDeDepartamentos/Alquiler-deparamentos-en-lima/An-lisis-del-alquiler-de-departamentos-en-Lima/Pipeline/AirflowPipeline/dags/dag_gcp_to_bigquery.py
[2025-03-23T15:36:16.298-0500] {logging_mixin.py:190} INFO - [2025-03-23T15:36:16.298-0500] {dag.py:3239} INFO - Sync 1 DAGs
[2025-03-23T15:36:16.306-0500] {logging_mixin.py:190} INFO - [2025-03-23T15:36:16.306-0500] {dag.py:4180} INFO - Setting next_dagrun for gcp_to_bigquery to None, run_after=None
[2025-03-23T15:36:16.331-0500] {processor.py:208} INFO - Processing /home/luis/Proyectos/PrecioDeDepartamentos/Alquiler-deparamentos-en-lima/An-lisis-del-alquiler-de-departamentos-en-Lima/Pipeline/AirflowPipeline/dags/dag_gcp_to_bigquery.py took 0.058 seconds
[2025-03-23T15:36:47.680-0500] {processor.py:186} INFO - Started process (PID=41259) to work on /home/luis/Proyectos/PrecioDeDepartamentos/Alquiler-deparamentos-en-lima/An-lisis-del-alquiler-de-departamentos-en-Lima/Pipeline/AirflowPipeline/dags/dag_gcp_to_bigquery.py
[2025-03-23T15:36:47.688-0500] {processor.py:914} INFO - Processing file /home/luis/Proyectos/PrecioDeDepartamentos/Alquiler-deparamentos-en-lima/An-lisis-del-alquiler-de-departamentos-en-Lima/Pipeline/AirflowPipeline/dags/dag_gcp_to_bigquery.py for tasks to queue
[2025-03-23T15:36:47.690-0500] {logging_mixin.py:190} INFO - [2025-03-23T15:36:47.690-0500] {dagbag.py:588} INFO - Filling up the DagBag from /home/luis/Proyectos/PrecioDeDepartamentos/Alquiler-deparamentos-en-lima/An-lisis-del-alquiler-de-departamentos-en-Lima/Pipeline/AirflowPipeline/dags/dag_gcp_to_bigquery.py
[2025-03-23T15:36:47.699-0500] {processor.py:925} INFO - DAG(s) 'gcp_to_bigquery' retrieved from /home/luis/Proyectos/PrecioDeDepartamentos/Alquiler-deparamentos-en-lima/An-lisis-del-alquiler-de-departamentos-en-Lima/Pipeline/AirflowPipeline/dags/dag_gcp_to_bigquery.py
[2025-03-23T15:36:47.711-0500] {logging_mixin.py:190} INFO - [2025-03-23T15:36:47.711-0500] {dag.py:3239} INFO - Sync 1 DAGs
[2025-03-23T15:36:47.722-0500] {logging_mixin.py:190} INFO - [2025-03-23T15:36:47.722-0500] {dag.py:4180} INFO - Setting next_dagrun for gcp_to_bigquery to None, run_after=None
[2025-03-23T15:36:47.854-0500] {processor.py:208} INFO - Processing /home/luis/Proyectos/PrecioDeDepartamentos/Alquiler-deparamentos-en-lima/An-lisis-del-alquiler-de-departamentos-en-Lima/Pipeline/AirflowPipeline/dags/dag_gcp_to_bigquery.py took 0.180 seconds
[2025-03-23T15:37:18.962-0500] {processor.py:186} INFO - Started process (PID=41329) to work on /home/luis/Proyectos/PrecioDeDepartamentos/Alquiler-deparamentos-en-lima/An-lisis-del-alquiler-de-departamentos-en-Lima/Pipeline/AirflowPipeline/dags/dag_gcp_to_bigquery.py
[2025-03-23T15:37:18.964-0500] {processor.py:914} INFO - Processing file /home/luis/Proyectos/PrecioDeDepartamentos/Alquiler-deparamentos-en-lima/An-lisis-del-alquiler-de-departamentos-en-Lima/Pipeline/AirflowPipeline/dags/dag_gcp_to_bigquery.py for tasks to queue
[2025-03-23T15:37:18.966-0500] {logging_mixin.py:190} INFO - [2025-03-23T15:37:18.966-0500] {dagbag.py:588} INFO - Filling up the DagBag from /home/luis/Proyectos/PrecioDeDepartamentos/Alquiler-deparamentos-en-lima/An-lisis-del-alquiler-de-departamentos-en-Lima/Pipeline/AirflowPipeline/dags/dag_gcp_to_bigquery.py
[2025-03-23T15:37:18.975-0500] {processor.py:925} INFO - DAG(s) 'gcp_to_bigquery' retrieved from /home/luis/Proyectos/PrecioDeDepartamentos/Alquiler-deparamentos-en-lima/An-lisis-del-alquiler-de-departamentos-en-Lima/Pipeline/AirflowPipeline/dags/dag_gcp_to_bigquery.py
[2025-03-23T15:37:18.989-0500] {logging_mixin.py:190} INFO - [2025-03-23T15:37:18.988-0500] {dag.py:3239} INFO - Sync 1 DAGs
[2025-03-23T15:37:19.105-0500] {logging_mixin.py:190} INFO - [2025-03-23T15:37:19.105-0500] {dag.py:4180} INFO - Setting next_dagrun for gcp_to_bigquery to None, run_after=None
[2025-03-23T15:37:19.145-0500] {processor.py:208} INFO - Processing /home/luis/Proyectos/PrecioDeDepartamentos/Alquiler-deparamentos-en-lima/An-lisis-del-alquiler-de-departamentos-en-Lima/Pipeline/AirflowPipeline/dags/dag_gcp_to_bigquery.py took 0.191 seconds
[2025-03-23T15:37:50.234-0500] {processor.py:186} INFO - Started process (PID=41371) to work on /home/luis/Proyectos/PrecioDeDepartamentos/Alquiler-deparamentos-en-lima/An-lisis-del-alquiler-de-departamentos-en-Lima/Pipeline/AirflowPipeline/dags/dag_gcp_to_bigquery.py
[2025-03-23T15:37:50.242-0500] {processor.py:914} INFO - Processing file /home/luis/Proyectos/PrecioDeDepartamentos/Alquiler-deparamentos-en-lima/An-lisis-del-alquiler-de-departamentos-en-Lima/Pipeline/AirflowPipeline/dags/dag_gcp_to_bigquery.py for tasks to queue
[2025-03-23T15:37:50.244-0500] {logging_mixin.py:190} INFO - [2025-03-23T15:37:50.243-0500] {dagbag.py:588} INFO - Filling up the DagBag from /home/luis/Proyectos/PrecioDeDepartamentos/Alquiler-deparamentos-en-lima/An-lisis-del-alquiler-de-departamentos-en-Lima/Pipeline/AirflowPipeline/dags/dag_gcp_to_bigquery.py
[2025-03-23T15:37:50.252-0500] {processor.py:925} INFO - DAG(s) 'gcp_to_bigquery' retrieved from /home/luis/Proyectos/PrecioDeDepartamentos/Alquiler-deparamentos-en-lima/An-lisis-del-alquiler-de-departamentos-en-Lima/Pipeline/AirflowPipeline/dags/dag_gcp_to_bigquery.py
[2025-03-23T15:37:50.265-0500] {logging_mixin.py:190} INFO - [2025-03-23T15:37:50.264-0500] {dag.py:3239} INFO - Sync 1 DAGs
[2025-03-23T15:37:50.376-0500] {logging_mixin.py:190} INFO - [2025-03-23T15:37:50.376-0500] {dag.py:4180} INFO - Setting next_dagrun for gcp_to_bigquery to None, run_after=None
[2025-03-23T15:37:50.398-0500] {processor.py:208} INFO - Processing /home/luis/Proyectos/PrecioDeDepartamentos/Alquiler-deparamentos-en-lima/An-lisis-del-alquiler-de-departamentos-en-Lima/Pipeline/AirflowPipeline/dags/dag_gcp_to_bigquery.py took 0.171 seconds
[2025-03-23T15:38:21.406-0500] {processor.py:186} INFO - Started process (PID=41412) to work on /home/luis/Proyectos/PrecioDeDepartamentos/Alquiler-deparamentos-en-lima/An-lisis-del-alquiler-de-departamentos-en-Lima/Pipeline/AirflowPipeline/dags/dag_gcp_to_bigquery.py
[2025-03-23T15:38:21.407-0500] {processor.py:914} INFO - Processing file /home/luis/Proyectos/PrecioDeDepartamentos/Alquiler-deparamentos-en-lima/An-lisis-del-alquiler-de-departamentos-en-Lima/Pipeline/AirflowPipeline/dags/dag_gcp_to_bigquery.py for tasks to queue
[2025-03-23T15:38:21.409-0500] {logging_mixin.py:190} INFO - [2025-03-23T15:38:21.408-0500] {dagbag.py:588} INFO - Filling up the DagBag from /home/luis/Proyectos/PrecioDeDepartamentos/Alquiler-deparamentos-en-lima/An-lisis-del-alquiler-de-departamentos-en-Lima/Pipeline/AirflowPipeline/dags/dag_gcp_to_bigquery.py
[2025-03-23T15:38:21.417-0500] {processor.py:925} INFO - DAG(s) 'gcp_to_bigquery' retrieved from /home/luis/Proyectos/PrecioDeDepartamentos/Alquiler-deparamentos-en-lima/An-lisis-del-alquiler-de-departamentos-en-Lima/Pipeline/AirflowPipeline/dags/dag_gcp_to_bigquery.py
[2025-03-23T15:38:21.535-0500] {logging_mixin.py:190} INFO - [2025-03-23T15:38:21.534-0500] {dag.py:3239} INFO - Sync 1 DAGs
[2025-03-23T15:38:21.544-0500] {logging_mixin.py:190} INFO - [2025-03-23T15:38:21.543-0500] {dag.py:4180} INFO - Setting next_dagrun for gcp_to_bigquery to None, run_after=None
[2025-03-23T15:38:21.571-0500] {processor.py:208} INFO - Processing /home/luis/Proyectos/PrecioDeDepartamentos/Alquiler-deparamentos-en-lima/An-lisis-del-alquiler-de-departamentos-en-Lima/Pipeline/AirflowPipeline/dags/dag_gcp_to_bigquery.py took 0.173 seconds
[2025-03-23T15:38:52.582-0500] {processor.py:186} INFO - Started process (PID=41498) to work on /home/luis/Proyectos/PrecioDeDepartamentos/Alquiler-deparamentos-en-lima/An-lisis-del-alquiler-de-departamentos-en-Lima/Pipeline/AirflowPipeline/dags/dag_gcp_to_bigquery.py
[2025-03-23T15:38:52.583-0500] {processor.py:914} INFO - Processing file /home/luis/Proyectos/PrecioDeDepartamentos/Alquiler-deparamentos-en-lima/An-lisis-del-alquiler-de-departamentos-en-Lima/Pipeline/AirflowPipeline/dags/dag_gcp_to_bigquery.py for tasks to queue
[2025-03-23T15:38:52.584-0500] {logging_mixin.py:190} INFO - [2025-03-23T15:38:52.584-0500] {dagbag.py:588} INFO - Filling up the DagBag from /home/luis/Proyectos/PrecioDeDepartamentos/Alquiler-deparamentos-en-lima/An-lisis-del-alquiler-de-departamentos-en-Lima/Pipeline/AirflowPipeline/dags/dag_gcp_to_bigquery.py
[2025-03-23T15:38:52.591-0500] {processor.py:925} INFO - DAG(s) 'gcp_to_bigquery' retrieved from /home/luis/Proyectos/PrecioDeDepartamentos/Alquiler-deparamentos-en-lima/An-lisis-del-alquiler-de-departamentos-en-Lima/Pipeline/AirflowPipeline/dags/dag_gcp_to_bigquery.py
[2025-03-23T15:38:52.601-0500] {logging_mixin.py:190} INFO - [2025-03-23T15:38:52.601-0500] {dag.py:3239} INFO - Sync 1 DAGs
[2025-03-23T15:38:52.610-0500] {logging_mixin.py:190} INFO - [2025-03-23T15:38:52.610-0500] {dag.py:4180} INFO - Setting next_dagrun for gcp_to_bigquery to None, run_after=None
[2025-03-23T15:38:52.635-0500] {processor.py:208} INFO - Processing /home/luis/Proyectos/PrecioDeDepartamentos/Alquiler-deparamentos-en-lima/An-lisis-del-alquiler-de-departamentos-en-Lima/Pipeline/AirflowPipeline/dags/dag_gcp_to_bigquery.py took 0.059 seconds
