[2025-03-23T20:23:40.166-0500] {local_task_job_runner.py:123} INFO - ::group::Pre task execution logs
[2025-03-23T20:23:40.174-0500] {taskinstance.py:2614} INFO - Dependencies all met for dep_context=non-requeueable deps ti=<TaskInstance: proceso_etl.tarea_extraccion manual__2025-03-23T21:23:34-04:00 [queued]>
[2025-03-23T20:23:40.179-0500] {taskinstance.py:2614} INFO - Dependencies all met for dep_context=requeueable deps ti=<TaskInstance: proceso_etl.tarea_extraccion manual__2025-03-23T21:23:34-04:00 [queued]>
[2025-03-23T20:23:40.180-0500] {taskinstance.py:2867} INFO - Starting attempt 1 of 2
[2025-03-23T20:23:40.202-0500] {taskinstance.py:2890} INFO - Executing <Task(PythonOperator): tarea_extraccion> on 2025-03-24 01:23:34+00:00
[2025-03-23T20:23:40.208-0500] {standard_task_runner.py:72} INFO - Started process 100075 to run task
[2025-03-23T20:23:40.211-0500] {standard_task_runner.py:104} INFO - Running: ['airflow', 'tasks', 'run', 'proceso_etl', 'tarea_extraccion', 'manual__2025-03-23T21:23:34-04:00', '--job-id', '37', '--raw', '--subdir', 'DAGS_FOLDER/dag_etl.py', '--cfg-path', '/tmp/tmpek7f90tw']
[2025-03-23T20:23:40.212-0500] {standard_task_runner.py:105} INFO - Job 37: Subtask tarea_extraccion
[2025-03-23T20:23:40.245-0500] {task_command.py:467} INFO - Running <TaskInstance: proceso_etl.tarea_extraccion manual__2025-03-23T21:23:34-04:00 [running]> on host luis-GF65
[2025-03-23T20:23:40.303-0500] {taskinstance.py:3134} INFO - Exporting env vars: AIRFLOW_CTX_DAG_OWNER='airflow' AIRFLOW_CTX_DAG_ID='proceso_etl' AIRFLOW_CTX_TASK_ID='tarea_extraccion' AIRFLOW_CTX_EXECUTION_DATE='2025-03-24T01:23:34+00:00' AIRFLOW_CTX_TRY_NUMBER='1' AIRFLOW_CTX_DAG_RUN_ID='manual__2025-03-23T21:23:34-04:00'
[2025-03-23T20:23:40.304-0500] {taskinstance.py:732} INFO - ::endgroup::
[2025-03-23T20:23:41.936-0500] {logging_mixin.py:190} INFO - Hay 231 archivos en el folder data_alquileres_lima/rawdata
[2025-03-23T20:23:41.936-0500] {dag_etl.py:66} INFO - Descargando todos los archivos
[2025-03-23T20:23:44.218-0500] {dag_etl.py:79} INFO - Descargado 1 de 231 archivos
[2025-03-23T20:23:49.621-0500] {dag_etl.py:79} INFO - Descargado 6 de 231 archivos
[2025-03-23T20:23:54.933-0500] {dag_etl.py:79} INFO - Descargado 11 de 231 archivos
[2025-03-23T20:24:01.600-0500] {dag_etl.py:79} INFO - Descargado 16 de 231 archivos
[2025-03-23T20:24:05.202-0500] {python.py:240} INFO - Done. Returned value was: None
[2025-03-23T20:24:05.205-0500] {taskinstance.py:341} INFO - ::group::Post task execution logs
[2025-03-23T20:24:05.205-0500] {taskinstance.py:353} INFO - Marking task as SUCCESS. dag_id=proceso_etl, task_id=tarea_extraccion, run_id=manual__2025-03-23T21:23:34-04:00, execution_date=20250324T012334, start_date=20250324T012340, end_date=20250324T012405
[2025-03-23T20:24:05.272-0500] {local_task_job_runner.py:266} INFO - Task exited with return code 0
[2025-03-23T20:24:05.286-0500] {taskinstance.py:3901} INFO - 1 downstream tasks scheduled from follow-on schedule check
[2025-03-23T20:24:05.297-0500] {local_task_job_runner.py:245} INFO - ::endgroup::
