[2025-03-23T17:48:28.027-0500] {local_task_job_runner.py:123} INFO - ::group::Pre task execution logs
[2025-03-23T17:48:28.036-0500] {taskinstance.py:2614} INFO - Dependencies all met for dep_context=non-requeueable deps ti=<TaskInstance: proceso_etl.tarea_extraccion manual__2025-03-23T18:48:22-04:00 [queued]>
[2025-03-23T17:48:28.041-0500] {taskinstance.py:2614} INFO - Dependencies all met for dep_context=requeueable deps ti=<TaskInstance: proceso_etl.tarea_extraccion manual__2025-03-23T18:48:22-04:00 [queued]>
[2025-03-23T17:48:28.042-0500] {taskinstance.py:2867} INFO - Starting attempt 1 of 2
[2025-03-23T17:48:28.062-0500] {taskinstance.py:2890} INFO - Executing <Task(PythonOperator): tarea_extraccion> on 2025-03-23 22:48:22+00:00
[2025-03-23T17:48:28.068-0500] {standard_task_runner.py:72} INFO - Started process 118096 to run task
[2025-03-23T17:48:28.071-0500] {standard_task_runner.py:104} INFO - Running: ['airflow', 'tasks', 'run', 'proceso_etl', 'tarea_extraccion', 'manual__2025-03-23T18:48:22-04:00', '--job-id', '7', '--raw', '--subdir', 'DAGS_FOLDER/dag_etl.py', '--cfg-path', '/tmp/tmpo5gy1ldu']
[2025-03-23T17:48:28.073-0500] {standard_task_runner.py:105} INFO - Job 7: Subtask tarea_extraccion
[2025-03-23T17:48:28.110-0500] {task_command.py:467} INFO - Running <TaskInstance: proceso_etl.tarea_extraccion manual__2025-03-23T18:48:22-04:00 [running]> on host luis-GF65
[2025-03-23T17:48:28.170-0500] {taskinstance.py:3134} INFO - Exporting env vars: AIRFLOW_CTX_DAG_OWNER='airflow' AIRFLOW_CTX_DAG_ID='proceso_etl' AIRFLOW_CTX_TASK_ID='tarea_extraccion' AIRFLOW_CTX_EXECUTION_DATE='2025-03-23T22:48:22+00:00' AIRFLOW_CTX_TRY_NUMBER='1' AIRFLOW_CTX_DAG_RUN_ID='manual__2025-03-23T18:48:22-04:00'
[2025-03-23T17:48:28.171-0500] {taskinstance.py:732} INFO - ::endgroup::
[2025-03-23T17:48:29.138-0500] {taskinstance.py:3313} ERROR - Task failed with exception
Traceback (most recent call last):
  File "/home/luis/Proyectos/PrecioDeDepartamentos/Alquiler-deparamentos-en-lima/An-lisis-del-alquiler-de-departamentos-en-Lima/Pipeline/AirflowPipeline/.venv/lib/python3.10/site-packages/airflow/models/taskinstance.py", line 768, in _execute_task
    result = _execute_callable(context=context, **execute_callable_kwargs)
  File "/home/luis/Proyectos/PrecioDeDepartamentos/Alquiler-deparamentos-en-lima/An-lisis-del-alquiler-de-departamentos-en-Lima/Pipeline/AirflowPipeline/.venv/lib/python3.10/site-packages/airflow/models/taskinstance.py", line 734, in _execute_callable
    return ExecutionCallableRunner(
  File "/home/luis/Proyectos/PrecioDeDepartamentos/Alquiler-deparamentos-en-lima/An-lisis-del-alquiler-de-departamentos-en-Lima/Pipeline/AirflowPipeline/.venv/lib/python3.10/site-packages/airflow/utils/operator_helpers.py", line 252, in run
    return self.func(*args, **kwargs)
  File "/home/luis/Proyectos/PrecioDeDepartamentos/Alquiler-deparamentos-en-lima/An-lisis-del-alquiler-de-departamentos-en-Lima/Pipeline/AirflowPipeline/.venv/lib/python3.10/site-packages/airflow/models/baseoperator.py", line 424, in wrapper
    return func(self, *args, **kwargs)
  File "/home/luis/Proyectos/PrecioDeDepartamentos/Alquiler-deparamentos-en-lima/An-lisis-del-alquiler-de-departamentos-en-Lima/Pipeline/AirflowPipeline/.venv/lib/python3.10/site-packages/airflow/operators/python.py", line 238, in execute
    return_value = self.execute_callable()
  File "/home/luis/Proyectos/PrecioDeDepartamentos/Alquiler-deparamentos-en-lima/An-lisis-del-alquiler-de-departamentos-en-Lima/Pipeline/AirflowPipeline/.venv/lib/python3.10/site-packages/airflow/operators/python.py", line 256, in execute_callable
    return runner.run(*self.op_args, **self.op_kwargs)
  File "/home/luis/Proyectos/PrecioDeDepartamentos/Alquiler-deparamentos-en-lima/An-lisis-del-alquiler-de-departamentos-en-Lima/Pipeline/AirflowPipeline/.venv/lib/python3.10/site-packages/airflow/utils/operator_helpers.py", line 252, in run
    return self.func(*args, **kwargs)
  File "/home/luis/Proyectos/PrecioDeDepartamentos/Alquiler-deparamentos-en-lima/An-lisis-del-alquiler-de-departamentos-en-Lima/Pipeline/AirflowPipeline/dags/dag_etl.py", line 59, in tarea_extraccion
    archivos = list_cs_files_in_folder(bucket_name, folder_name)
  File "/home/luis/Proyectos/PrecioDeDepartamentos/Alquiler-deparamentos-en-lima/An-lisis-del-alquiler-de-departamentos-en-Lima/Pipeline/AirflowPipeline/utils/manejador_bucket_gcp.py", line 49, in list_cs_files_in_folder
    file_list = [blob.name for blob in blobs]
  File "/home/luis/Proyectos/PrecioDeDepartamentos/Alquiler-deparamentos-en-lima/An-lisis-del-alquiler-de-departamentos-en-Lima/Pipeline/AirflowPipeline/utils/manejador_bucket_gcp.py", line 49, in <listcomp>
    file_list = [blob.name for blob in blobs]
  File "/home/luis/Proyectos/PrecioDeDepartamentos/Alquiler-deparamentos-en-lima/An-lisis-del-alquiler-de-departamentos-en-Lima/Pipeline/AirflowPipeline/.venv/lib/python3.10/site-packages/google/api_core/page_iterator.py", line 208, in _items_iter
    for page in self._page_iter(increment=False):
  File "/home/luis/Proyectos/PrecioDeDepartamentos/Alquiler-deparamentos-en-lima/An-lisis-del-alquiler-de-departamentos-en-Lima/Pipeline/AirflowPipeline/.venv/lib/python3.10/site-packages/google/api_core/page_iterator.py", line 244, in _page_iter
    page = self._next_page()
  File "/home/luis/Proyectos/PrecioDeDepartamentos/Alquiler-deparamentos-en-lima/An-lisis-del-alquiler-de-departamentos-en-Lima/Pipeline/AirflowPipeline/.venv/lib/python3.10/site-packages/google/api_core/page_iterator.py", line 373, in _next_page
    response = self._get_next_page_response()
  File "/home/luis/Proyectos/PrecioDeDepartamentos/Alquiler-deparamentos-en-lima/An-lisis-del-alquiler-de-departamentos-en-Lima/Pipeline/AirflowPipeline/.venv/lib/python3.10/site-packages/google/api_core/page_iterator.py", line 432, in _get_next_page_response
    return self.api_request(
  File "/home/luis/Proyectos/PrecioDeDepartamentos/Alquiler-deparamentos-en-lima/An-lisis-del-alquiler-de-departamentos-en-Lima/Pipeline/AirflowPipeline/.venv/lib/python3.10/site-packages/google/cloud/storage/_http.py", line 90, in api_request
    return call()
  File "/home/luis/Proyectos/PrecioDeDepartamentos/Alquiler-deparamentos-en-lima/An-lisis-del-alquiler-de-departamentos-en-Lima/Pipeline/AirflowPipeline/.venv/lib/python3.10/site-packages/google/api_core/retry/retry_unary.py", line 293, in retry_wrapped_func
    return retry_target(
  File "/home/luis/Proyectos/PrecioDeDepartamentos/Alquiler-deparamentos-en-lima/An-lisis-del-alquiler-de-departamentos-en-Lima/Pipeline/AirflowPipeline/.venv/lib/python3.10/site-packages/google/api_core/retry/retry_unary.py", line 153, in retry_target
    _retry_error_helper(
  File "/home/luis/Proyectos/PrecioDeDepartamentos/Alquiler-deparamentos-en-lima/An-lisis-del-alquiler-de-departamentos-en-Lima/Pipeline/AirflowPipeline/.venv/lib/python3.10/site-packages/google/api_core/retry/retry_base.py", line 212, in _retry_error_helper
    raise final_exc from source_exc
  File "/home/luis/Proyectos/PrecioDeDepartamentos/Alquiler-deparamentos-en-lima/An-lisis-del-alquiler-de-departamentos-en-Lima/Pipeline/AirflowPipeline/.venv/lib/python3.10/site-packages/google/api_core/retry/retry_unary.py", line 144, in retry_target
    result = target()
  File "/home/luis/Proyectos/PrecioDeDepartamentos/Alquiler-deparamentos-en-lima/An-lisis-del-alquiler-de-departamentos-en-Lima/Pipeline/AirflowPipeline/.venv/lib/python3.10/site-packages/google/cloud/_http/__init__.py", line 494, in api_request
    raise exceptions.from_http_response(response)
google.api_core.exceptions.Forbidden: 403 GET https://storage.googleapis.com/storage/v1/b/bucket-proyectos/o?projection=noAcl&prefix=data_alquileres_lima%2Frawdata%2F&prettyPrint=false: luisazspr@first-outlet-454113-e2.iam.gserviceaccount.com does not have storage.objects.list access to the Google Cloud Storage bucket. Permission 'storage.objects.list' denied on resource (or it may not exist).
[2025-03-23T17:48:29.144-0500] {taskinstance.py:1226} INFO - Marking task as UP_FOR_RETRY. dag_id=proceso_etl, task_id=tarea_extraccion, run_id=manual__2025-03-23T18:48:22-04:00, execution_date=20250323T224822, start_date=20250323T224828, end_date=20250323T224829
[2025-03-23T17:48:29.184-0500] {taskinstance.py:341} INFO - ::group::Post task execution logs
[2025-03-23T17:48:29.185-0500] {standard_task_runner.py:124} ERROR - Failed to execute job 7 for task tarea_extraccion (403 GET https://storage.googleapis.com/storage/v1/b/bucket-proyectos/o?projection=noAcl&prefix=data_alquileres_lima%2Frawdata%2F&prettyPrint=false: luisazspr@first-outlet-454113-e2.iam.gserviceaccount.com does not have storage.objects.list access to the Google Cloud Storage bucket. Permission 'storage.objects.list' denied on resource (or it may not exist).; 118096)
Traceback (most recent call last):
  File "/home/luis/Proyectos/PrecioDeDepartamentos/Alquiler-deparamentos-en-lima/An-lisis-del-alquiler-de-departamentos-en-Lima/Pipeline/AirflowPipeline/.venv/lib/python3.10/site-packages/airflow/task/task_runner/standard_task_runner.py", line 117, in _start_by_fork
    ret = args.func(args, dag=self.dag)
  File "/home/luis/Proyectos/PrecioDeDepartamentos/Alquiler-deparamentos-en-lima/An-lisis-del-alquiler-de-departamentos-en-Lima/Pipeline/AirflowPipeline/.venv/lib/python3.10/site-packages/airflow/cli/cli_config.py", line 49, in command
    return func(*args, **kwargs)
  File "/home/luis/Proyectos/PrecioDeDepartamentos/Alquiler-deparamentos-en-lima/An-lisis-del-alquiler-de-departamentos-en-Lima/Pipeline/AirflowPipeline/.venv/lib/python3.10/site-packages/airflow/utils/cli.py", line 116, in wrapper
    return f(*args, **kwargs)
  File "/home/luis/Proyectos/PrecioDeDepartamentos/Alquiler-deparamentos-en-lima/An-lisis-del-alquiler-de-departamentos-en-Lima/Pipeline/AirflowPipeline/.venv/lib/python3.10/site-packages/airflow/cli/commands/task_command.py", line 483, in task_run
    task_return_code = _run_task_by_selected_method(args, _dag, ti)
  File "/home/luis/Proyectos/PrecioDeDepartamentos/Alquiler-deparamentos-en-lima/An-lisis-del-alquiler-de-departamentos-en-Lima/Pipeline/AirflowPipeline/.venv/lib/python3.10/site-packages/airflow/cli/commands/task_command.py", line 256, in _run_task_by_selected_method
    return _run_raw_task(args, ti)
  File "/home/luis/Proyectos/PrecioDeDepartamentos/Alquiler-deparamentos-en-lima/An-lisis-del-alquiler-de-departamentos-en-Lima/Pipeline/AirflowPipeline/.venv/lib/python3.10/site-packages/airflow/cli/commands/task_command.py", line 341, in _run_raw_task
    return ti._run_raw_task(
  File "/home/luis/Proyectos/PrecioDeDepartamentos/Alquiler-deparamentos-en-lima/An-lisis-del-alquiler-de-departamentos-en-Lima/Pipeline/AirflowPipeline/.venv/lib/python3.10/site-packages/airflow/utils/session.py", line 97, in wrapper
    return func(*args, session=session, **kwargs)
  File "/home/luis/Proyectos/PrecioDeDepartamentos/Alquiler-deparamentos-en-lima/An-lisis-del-alquiler-de-departamentos-en-Lima/Pipeline/AirflowPipeline/.venv/lib/python3.10/site-packages/airflow/models/taskinstance.py", line 3006, in _run_raw_task
    return _run_raw_task(
  File "/home/luis/Proyectos/PrecioDeDepartamentos/Alquiler-deparamentos-en-lima/An-lisis-del-alquiler-de-departamentos-en-Lima/Pipeline/AirflowPipeline/.venv/lib/python3.10/site-packages/airflow/models/taskinstance.py", line 274, in _run_raw_task
    TaskInstance._execute_task_with_callbacks(
  File "/home/luis/Proyectos/PrecioDeDepartamentos/Alquiler-deparamentos-en-lima/An-lisis-del-alquiler-de-departamentos-en-Lima/Pipeline/AirflowPipeline/.venv/lib/python3.10/site-packages/airflow/models/taskinstance.py", line 3161, in _execute_task_with_callbacks
    result = self._execute_task(context, task_orig)
  File "/home/luis/Proyectos/PrecioDeDepartamentos/Alquiler-deparamentos-en-lima/An-lisis-del-alquiler-de-departamentos-en-Lima/Pipeline/AirflowPipeline/.venv/lib/python3.10/site-packages/airflow/models/taskinstance.py", line 3185, in _execute_task
    return _execute_task(self, context, task_orig)
  File "/home/luis/Proyectos/PrecioDeDepartamentos/Alquiler-deparamentos-en-lima/An-lisis-del-alquiler-de-departamentos-en-Lima/Pipeline/AirflowPipeline/.venv/lib/python3.10/site-packages/airflow/models/taskinstance.py", line 768, in _execute_task
    result = _execute_callable(context=context, **execute_callable_kwargs)
  File "/home/luis/Proyectos/PrecioDeDepartamentos/Alquiler-deparamentos-en-lima/An-lisis-del-alquiler-de-departamentos-en-Lima/Pipeline/AirflowPipeline/.venv/lib/python3.10/site-packages/airflow/models/taskinstance.py", line 734, in _execute_callable
    return ExecutionCallableRunner(
  File "/home/luis/Proyectos/PrecioDeDepartamentos/Alquiler-deparamentos-en-lima/An-lisis-del-alquiler-de-departamentos-en-Lima/Pipeline/AirflowPipeline/.venv/lib/python3.10/site-packages/airflow/utils/operator_helpers.py", line 252, in run
    return self.func(*args, **kwargs)
  File "/home/luis/Proyectos/PrecioDeDepartamentos/Alquiler-deparamentos-en-lima/An-lisis-del-alquiler-de-departamentos-en-Lima/Pipeline/AirflowPipeline/.venv/lib/python3.10/site-packages/airflow/models/baseoperator.py", line 424, in wrapper
    return func(self, *args, **kwargs)
  File "/home/luis/Proyectos/PrecioDeDepartamentos/Alquiler-deparamentos-en-lima/An-lisis-del-alquiler-de-departamentos-en-Lima/Pipeline/AirflowPipeline/.venv/lib/python3.10/site-packages/airflow/operators/python.py", line 238, in execute
    return_value = self.execute_callable()
  File "/home/luis/Proyectos/PrecioDeDepartamentos/Alquiler-deparamentos-en-lima/An-lisis-del-alquiler-de-departamentos-en-Lima/Pipeline/AirflowPipeline/.venv/lib/python3.10/site-packages/airflow/operators/python.py", line 256, in execute_callable
    return runner.run(*self.op_args, **self.op_kwargs)
  File "/home/luis/Proyectos/PrecioDeDepartamentos/Alquiler-deparamentos-en-lima/An-lisis-del-alquiler-de-departamentos-en-Lima/Pipeline/AirflowPipeline/.venv/lib/python3.10/site-packages/airflow/utils/operator_helpers.py", line 252, in run
    return self.func(*args, **kwargs)
  File "/home/luis/Proyectos/PrecioDeDepartamentos/Alquiler-deparamentos-en-lima/An-lisis-del-alquiler-de-departamentos-en-Lima/Pipeline/AirflowPipeline/dags/dag_etl.py", line 59, in tarea_extraccion
    archivos = list_cs_files_in_folder(bucket_name, folder_name)
  File "/home/luis/Proyectos/PrecioDeDepartamentos/Alquiler-deparamentos-en-lima/An-lisis-del-alquiler-de-departamentos-en-Lima/Pipeline/AirflowPipeline/utils/manejador_bucket_gcp.py", line 49, in list_cs_files_in_folder
    file_list = [blob.name for blob in blobs]
  File "/home/luis/Proyectos/PrecioDeDepartamentos/Alquiler-deparamentos-en-lima/An-lisis-del-alquiler-de-departamentos-en-Lima/Pipeline/AirflowPipeline/utils/manejador_bucket_gcp.py", line 49, in <listcomp>
    file_list = [blob.name for blob in blobs]
  File "/home/luis/Proyectos/PrecioDeDepartamentos/Alquiler-deparamentos-en-lima/An-lisis-del-alquiler-de-departamentos-en-Lima/Pipeline/AirflowPipeline/.venv/lib/python3.10/site-packages/google/api_core/page_iterator.py", line 208, in _items_iter
    for page in self._page_iter(increment=False):
  File "/home/luis/Proyectos/PrecioDeDepartamentos/Alquiler-deparamentos-en-lima/An-lisis-del-alquiler-de-departamentos-en-Lima/Pipeline/AirflowPipeline/.venv/lib/python3.10/site-packages/google/api_core/page_iterator.py", line 244, in _page_iter
    page = self._next_page()
  File "/home/luis/Proyectos/PrecioDeDepartamentos/Alquiler-deparamentos-en-lima/An-lisis-del-alquiler-de-departamentos-en-Lima/Pipeline/AirflowPipeline/.venv/lib/python3.10/site-packages/google/api_core/page_iterator.py", line 373, in _next_page
    response = self._get_next_page_response()
  File "/home/luis/Proyectos/PrecioDeDepartamentos/Alquiler-deparamentos-en-lima/An-lisis-del-alquiler-de-departamentos-en-Lima/Pipeline/AirflowPipeline/.venv/lib/python3.10/site-packages/google/api_core/page_iterator.py", line 432, in _get_next_page_response
    return self.api_request(
  File "/home/luis/Proyectos/PrecioDeDepartamentos/Alquiler-deparamentos-en-lima/An-lisis-del-alquiler-de-departamentos-en-Lima/Pipeline/AirflowPipeline/.venv/lib/python3.10/site-packages/google/cloud/storage/_http.py", line 90, in api_request
    return call()
  File "/home/luis/Proyectos/PrecioDeDepartamentos/Alquiler-deparamentos-en-lima/An-lisis-del-alquiler-de-departamentos-en-Lima/Pipeline/AirflowPipeline/.venv/lib/python3.10/site-packages/google/api_core/retry/retry_unary.py", line 293, in retry_wrapped_func
    return retry_target(
  File "/home/luis/Proyectos/PrecioDeDepartamentos/Alquiler-deparamentos-en-lima/An-lisis-del-alquiler-de-departamentos-en-Lima/Pipeline/AirflowPipeline/.venv/lib/python3.10/site-packages/google/api_core/retry/retry_unary.py", line 153, in retry_target
    _retry_error_helper(
  File "/home/luis/Proyectos/PrecioDeDepartamentos/Alquiler-deparamentos-en-lima/An-lisis-del-alquiler-de-departamentos-en-Lima/Pipeline/AirflowPipeline/.venv/lib/python3.10/site-packages/google/api_core/retry/retry_base.py", line 212, in _retry_error_helper
    raise final_exc from source_exc
  File "/home/luis/Proyectos/PrecioDeDepartamentos/Alquiler-deparamentos-en-lima/An-lisis-del-alquiler-de-departamentos-en-Lima/Pipeline/AirflowPipeline/.venv/lib/python3.10/site-packages/google/api_core/retry/retry_unary.py", line 144, in retry_target
    result = target()
  File "/home/luis/Proyectos/PrecioDeDepartamentos/Alquiler-deparamentos-en-lima/An-lisis-del-alquiler-de-departamentos-en-Lima/Pipeline/AirflowPipeline/.venv/lib/python3.10/site-packages/google/cloud/_http/__init__.py", line 494, in api_request
    raise exceptions.from_http_response(response)
google.api_core.exceptions.Forbidden: 403 GET https://storage.googleapis.com/storage/v1/b/bucket-proyectos/o?projection=noAcl&prefix=data_alquileres_lima%2Frawdata%2F&prettyPrint=false: luisazspr@first-outlet-454113-e2.iam.gserviceaccount.com does not have storage.objects.list access to the Google Cloud Storage bucket. Permission 'storage.objects.list' denied on resource (or it may not exist).
[2025-03-23T17:48:29.205-0500] {local_task_job_runner.py:266} INFO - Task exited with return code 1
[2025-03-23T17:48:29.243-0500] {taskinstance.py:3901} INFO - 0 downstream tasks scheduled from follow-on schedule check
[2025-03-23T17:48:29.243-0500] {local_task_job_runner.py:245} INFO - ::endgroup::
