[2025-03-23T15:19:25.611-0500] {processor.py:186} INFO - Started process (PID=16909) to work on /home/luis/Proyectos/PrecioDeDepartamentos/Alquiler-deparamentos-en-lima/An-lisis-del-alquiler-de-departamentos-en-Lima/Pipeline/AirflowPipeline/.venv/lib/python3.10/site-packages/airflow/example_dags/example_subdag_operator.py
[2025-03-23T15:19:25.611-0500] {processor.py:914} INFO - Processing file /home/luis/Proyectos/PrecioDeDepartamentos/Alquiler-deparamentos-en-lima/An-lisis-del-alquiler-de-departamentos-en-Lima/Pipeline/AirflowPipeline/.venv/lib/python3.10/site-packages/airflow/example_dags/example_subdag_operator.py for tasks to queue
[2025-03-23T15:19:25.613-0500] {logging_mixin.py:190} INFO - [2025-03-23T15:19:25.612-0500] {dagbag.py:588} INFO - Filling up the DagBag from /home/luis/Proyectos/PrecioDeDepartamentos/Alquiler-deparamentos-en-lima/An-lisis-del-alquiler-de-departamentos-en-Lima/Pipeline/AirflowPipeline/.venv/lib/python3.10/site-packages/airflow/example_dags/example_subdag_operator.py
[2025-03-23T15:19:25.625-0500] {processor.py:925} INFO - DAG(s) 'example_subdag_operator.section-1', 'example_subdag_operator.section-2', 'example_subdag_operator' retrieved from /home/luis/Proyectos/PrecioDeDepartamentos/Alquiler-deparamentos-en-lima/An-lisis-del-alquiler-de-departamentos-en-Lima/Pipeline/AirflowPipeline/.venv/lib/python3.10/site-packages/airflow/example_dags/example_subdag_operator.py
[2025-03-23T15:19:25.746-0500] {logging_mixin.py:190} INFO - [2025-03-23T15:19:25.746-0500] {override.py:1930} INFO - Created Permission View: can read on DAG:example_subdag_operator
[2025-03-23T15:19:25.762-0500] {logging_mixin.py:190} INFO - [2025-03-23T15:19:25.762-0500] {override.py:1930} INFO - Created Permission View: can delete on DAG:example_subdag_operator
[2025-03-23T15:19:25.775-0500] {logging_mixin.py:190} INFO - [2025-03-23T15:19:25.775-0500] {override.py:1930} INFO - Created Permission View: can edit on DAG:example_subdag_operator
[2025-03-23T15:19:25.799-0500] {logging_mixin.py:190} INFO - [2025-03-23T15:19:25.798-0500] {override.py:1930} INFO - Created Permission View: can create on DAG Run:example_subdag_operator
[2025-03-23T15:19:25.812-0500] {logging_mixin.py:190} INFO - [2025-03-23T15:19:25.811-0500] {override.py:1930} INFO - Created Permission View: can read on DAG Run:example_subdag_operator
[2025-03-23T15:19:25.830-0500] {logging_mixin.py:190} INFO - [2025-03-23T15:19:25.830-0500] {override.py:1930} INFO - Created Permission View: can delete on DAG Run:example_subdag_operator
[2025-03-23T15:19:25.848-0500] {logging_mixin.py:190} INFO - [2025-03-23T15:19:25.848-0500] {override.py:1930} INFO - Created Permission View: menu access on DAG Run:example_subdag_operator
[2025-03-23T15:19:25.848-0500] {logging_mixin.py:190} INFO - [2025-03-23T15:19:25.848-0500] {dag.py:3239} INFO - Sync 3 DAGs
[2025-03-23T15:19:25.857-0500] {logging_mixin.py:190} INFO - [2025-03-23T15:19:25.857-0500] {dag.py:3262} INFO - Creating ORM DAG for example_subdag_operator.section-1
[2025-03-23T15:19:25.857-0500] {logging_mixin.py:190} INFO - [2025-03-23T15:19:25.857-0500] {dag.py:3262} INFO - Creating ORM DAG for example_subdag_operator
[2025-03-23T15:19:25.858-0500] {logging_mixin.py:190} INFO - [2025-03-23T15:19:25.858-0500] {dag.py:3262} INFO - Creating ORM DAG for example_subdag_operator.section-2
[2025-03-23T15:19:25.863-0500] {logging_mixin.py:190} INFO - [2025-03-23T15:19:25.863-0500] {dag.py:4180} INFO - Setting next_dagrun for example_subdag_operator to 2022-01-01 00:00:00+00:00, run_after=2022-01-01 00:00:00+00:00
[2025-03-23T15:19:25.863-0500] {logging_mixin.py:190} INFO - [2025-03-23T15:19:25.863-0500] {dag.py:4180} INFO - Setting next_dagrun for example_subdag_operator.section-1 to None, run_after=None
[2025-03-23T15:19:25.864-0500] {logging_mixin.py:190} INFO - [2025-03-23T15:19:25.864-0500] {dag.py:4180} INFO - Setting next_dagrun for example_subdag_operator.section-2 to None, run_after=None
[2025-03-23T15:19:25.868-0500] {logging_mixin.py:190} INFO - [2025-03-23T15:19:25.868-0500] {dag.py:3239} INFO - Sync 2 DAGs
[2025-03-23T15:19:25.871-0500] {logging_mixin.py:190} INFO - [2025-03-23T15:19:25.870-0500] {dag.py:4180} INFO - Setting next_dagrun for example_subdag_operator.section-1 to None, run_after=None
[2025-03-23T15:19:25.872-0500] {logging_mixin.py:190} INFO - [2025-03-23T15:19:25.872-0500] {dag.py:4180} INFO - Setting next_dagrun for example_subdag_operator.section-2 to None, run_after=None
[2025-03-23T15:19:25.897-0500] {processor.py:208} INFO - Processing /home/luis/Proyectos/PrecioDeDepartamentos/Alquiler-deparamentos-en-lima/An-lisis-del-alquiler-de-departamentos-en-Lima/Pipeline/AirflowPipeline/.venv/lib/python3.10/site-packages/airflow/example_dags/example_subdag_operator.py took 0.290 seconds
