[2025-03-23T15:19:13.739-0500] {processor.py:186} INFO - Started process (PID=16237) to work on /home/luis/Proyectos/PrecioDeDepartamentos/Alquiler-deparamentos-en-lima/An-lisis-del-alquiler-de-departamentos-en-Lima/Pipeline/AirflowPipeline/.venv/lib/python3.10/site-packages/airflow/example_dags/example_xcomargs.py
[2025-03-23T15:19:13.740-0500] {processor.py:914} INFO - Processing file /home/luis/Proyectos/PrecioDeDepartamentos/Alquiler-deparamentos-en-lima/An-lisis-del-alquiler-de-departamentos-en-Lima/Pipeline/AirflowPipeline/.venv/lib/python3.10/site-packages/airflow/example_dags/example_xcomargs.py for tasks to queue
[2025-03-23T15:19:13.743-0500] {logging_mixin.py:190} INFO - [2025-03-23T15:19:13.742-0500] {dagbag.py:588} INFO - Filling up the DagBag from /home/luis/Proyectos/PrecioDeDepartamentos/Alquiler-deparamentos-en-lima/An-lisis-del-alquiler-de-departamentos-en-Lima/Pipeline/AirflowPipeline/.venv/lib/python3.10/site-packages/airflow/example_dags/example_xcomargs.py
[2025-03-23T15:19:13.759-0500] {processor.py:925} INFO - DAG(s) 'example_xcom_args', 'example_xcom_args_with_operators' retrieved from /home/luis/Proyectos/PrecioDeDepartamentos/Alquiler-deparamentos-en-lima/An-lisis-del-alquiler-de-departamentos-en-Lima/Pipeline/AirflowPipeline/.venv/lib/python3.10/site-packages/airflow/example_dags/example_xcomargs.py
[2025-03-23T15:19:13.868-0500] {logging_mixin.py:190} INFO - [2025-03-23T15:19:13.867-0500] {override.py:1930} INFO - Created Permission View: can read on DAG:example_xcom_args
[2025-03-23T15:19:13.885-0500] {logging_mixin.py:190} INFO - [2025-03-23T15:19:13.885-0500] {override.py:1930} INFO - Created Permission View: can delete on DAG:example_xcom_args
[2025-03-23T15:19:13.899-0500] {logging_mixin.py:190} INFO - [2025-03-23T15:19:13.899-0500] {override.py:1930} INFO - Created Permission View: can edit on DAG:example_xcom_args
[2025-03-23T15:19:13.928-0500] {logging_mixin.py:190} INFO - [2025-03-23T15:19:13.928-0500] {override.py:1930} INFO - Created Permission View: can create on DAG Run:example_xcom_args
[2025-03-23T15:19:13.947-0500] {logging_mixin.py:190} INFO - [2025-03-23T15:19:13.946-0500] {override.py:1930} INFO - Created Permission View: can read on DAG Run:example_xcom_args
[2025-03-23T15:19:13.966-0500] {logging_mixin.py:190} INFO - [2025-03-23T15:19:13.966-0500] {override.py:1930} INFO - Created Permission View: can delete on DAG Run:example_xcom_args
[2025-03-23T15:19:13.981-0500] {logging_mixin.py:190} INFO - [2025-03-23T15:19:13.981-0500] {override.py:1930} INFO - Created Permission View: menu access on DAG Run:example_xcom_args
[2025-03-23T15:19:14.017-0500] {logging_mixin.py:190} INFO - [2025-03-23T15:19:14.017-0500] {override.py:1930} INFO - Created Permission View: can read on DAG:example_xcom_args_with_operators
[2025-03-23T15:19:14.036-0500] {logging_mixin.py:190} INFO - [2025-03-23T15:19:14.036-0500] {override.py:1930} INFO - Created Permission View: can delete on DAG:example_xcom_args_with_operators
[2025-03-23T15:19:14.049-0500] {logging_mixin.py:190} INFO - [2025-03-23T15:19:14.049-0500] {override.py:1930} INFO - Created Permission View: can edit on DAG:example_xcom_args_with_operators
[2025-03-23T15:19:14.073-0500] {logging_mixin.py:190} INFO - [2025-03-23T15:19:14.072-0500] {override.py:1930} INFO - Created Permission View: can create on DAG Run:example_xcom_args_with_operators
[2025-03-23T15:19:14.086-0500] {logging_mixin.py:190} INFO - [2025-03-23T15:19:14.085-0500] {override.py:1930} INFO - Created Permission View: can read on DAG Run:example_xcom_args_with_operators
[2025-03-23T15:19:14.099-0500] {logging_mixin.py:190} INFO - [2025-03-23T15:19:14.098-0500] {override.py:1930} INFO - Created Permission View: can delete on DAG Run:example_xcom_args_with_operators
[2025-03-23T15:19:14.112-0500] {logging_mixin.py:190} INFO - [2025-03-23T15:19:14.112-0500] {override.py:1930} INFO - Created Permission View: menu access on DAG Run:example_xcom_args_with_operators
[2025-03-23T15:19:14.112-0500] {logging_mixin.py:190} INFO - [2025-03-23T15:19:14.112-0500] {dag.py:3239} INFO - Sync 2 DAGs
[2025-03-23T15:19:14.120-0500] {logging_mixin.py:190} INFO - [2025-03-23T15:19:14.120-0500] {dag.py:3262} INFO - Creating ORM DAG for example_xcom_args_with_operators
[2025-03-23T15:19:14.120-0500] {logging_mixin.py:190} INFO - [2025-03-23T15:19:14.120-0500] {dag.py:3262} INFO - Creating ORM DAG for example_xcom_args
[2025-03-23T15:19:14.121-0500] {logging_mixin.py:190} INFO - [2025-03-23T15:19:14.120-0500] {dag.py:4180} INFO - Setting next_dagrun for example_xcom_args to None, run_after=None
[2025-03-23T15:19:14.121-0500] {logging_mixin.py:190} INFO - [2025-03-23T15:19:14.121-0500] {dag.py:4180} INFO - Setting next_dagrun for example_xcom_args_with_operators to None, run_after=None
[2025-03-23T15:19:14.144-0500] {processor.py:208} INFO - Processing /home/luis/Proyectos/PrecioDeDepartamentos/Alquiler-deparamentos-en-lima/An-lisis-del-alquiler-de-departamentos-en-Lima/Pipeline/AirflowPipeline/.venv/lib/python3.10/site-packages/airflow/example_dags/example_xcomargs.py took 0.416 seconds
