[2025-03-23T19:18:58.406-0500] {local_task_job_runner.py:123} INFO - ::group::Pre task execution logs
[2025-03-23T19:18:58.414-0500] {taskinstance.py:2614} INFO - Dependencies all met for dep_context=non-requeueable deps ti=<TaskInstance: proceso_etl.tarea_extraccion manual__2025-03-23T20:18:52-04:00 [queued]>
[2025-03-23T19:18:58.418-0500] {taskinstance.py:2614} INFO - Dependencies all met for dep_context=requeueable deps ti=<TaskInstance: proceso_etl.tarea_extraccion manual__2025-03-23T20:18:52-04:00 [queued]>
[2025-03-23T19:18:58.419-0500] {taskinstance.py:2867} INFO - Starting attempt 1 of 2
[2025-03-23T19:18:58.437-0500] {taskinstance.py:2890} INFO - Executing <Task(PythonOperator): tarea_extraccion> on 2025-03-24 00:18:52+00:00
[2025-03-23T19:18:58.444-0500] {standard_task_runner.py:72} INFO - Started process 72530 to run task
[2025-03-23T19:18:58.447-0500] {standard_task_runner.py:104} INFO - Running: ['airflow', 'tasks', 'run', 'proceso_etl', 'tarea_extraccion', 'manual__2025-03-23T20:18:52-04:00', '--job-id', '26', '--raw', '--subdir', 'DAGS_FOLDER/dag_etl.py', '--cfg-path', '/tmp/tmpxqyefu9x']
[2025-03-23T19:18:58.448-0500] {standard_task_runner.py:105} INFO - Job 26: Subtask tarea_extraccion
[2025-03-23T19:18:58.479-0500] {task_command.py:467} INFO - Running <TaskInstance: proceso_etl.tarea_extraccion manual__2025-03-23T20:18:52-04:00 [running]> on host luis-GF65
[2025-03-23T19:18:58.547-0500] {taskinstance.py:3134} INFO - Exporting env vars: AIRFLOW_CTX_DAG_OWNER='airflow' AIRFLOW_CTX_DAG_ID='proceso_etl' AIRFLOW_CTX_TASK_ID='tarea_extraccion' AIRFLOW_CTX_EXECUTION_DATE='2025-03-24T00:18:52+00:00' AIRFLOW_CTX_TRY_NUMBER='1' AIRFLOW_CTX_DAG_RUN_ID='manual__2025-03-23T20:18:52-04:00'
[2025-03-23T19:18:58.547-0500] {taskinstance.py:732} INFO - ::endgroup::
[2025-03-23T19:18:59.955-0500] {logging_mixin.py:190} INFO - Hay 231 archivos en el folder data_alquileres_lima/rawdata
[2025-03-23T19:18:59.956-0500] {dag_etl.py:64} INFO - Descargando todos los archivos
[2025-03-23T19:19:00.627-0500] {dag_etl.py:77} INFO - Descargado 1 de 231 archivos
[2025-03-23T19:19:01.494-0500] {dag_etl.py:77} INFO - Descargado 2 de 231 archivos
[2025-03-23T19:19:02.299-0500] {dag_etl.py:77} INFO - Descargado 3 de 231 archivos
[2025-03-23T19:19:03.126-0500] {dag_etl.py:77} INFO - Descargado 4 de 231 archivos
[2025-03-23T19:19:03.987-0500] {dag_etl.py:77} INFO - Descargado 5 de 231 archivos
[2025-03-23T19:19:04.895-0500] {dag_etl.py:77} INFO - Descargado 6 de 231 archivos
[2025-03-23T19:19:05.906-0500] {dag_etl.py:77} INFO - Descargado 7 de 231 archivos
[2025-03-23T19:19:06.703-0500] {dag_etl.py:77} INFO - Descargado 8 de 231 archivos
[2025-03-23T19:19:07.573-0500] {dag_etl.py:77} INFO - Descargado 9 de 231 archivos
[2025-03-23T19:19:08.420-0500] {dag_etl.py:77} INFO - Descargado 10 de 231 archivos
[2025-03-23T19:19:16.271-0500] {python.py:240} INFO - Done. Returned value was: None
[2025-03-23T19:19:16.274-0500] {taskinstance.py:341} INFO - ::group::Post task execution logs
[2025-03-23T19:19:16.275-0500] {taskinstance.py:353} INFO - Marking task as SUCCESS. dag_id=proceso_etl, task_id=tarea_extraccion, run_id=manual__2025-03-23T20:18:52-04:00, execution_date=20250324T001852, start_date=20250324T001858, end_date=20250324T001916
[2025-03-23T19:19:16.327-0500] {local_task_job_runner.py:266} INFO - Task exited with return code 0
[2025-03-23T19:19:16.340-0500] {taskinstance.py:3901} INFO - 1 downstream tasks scheduled from follow-on schedule check
[2025-03-23T19:19:16.351-0500] {local_task_job_runner.py:245} INFO - ::endgroup::
